<?xml version="1.0" encoding="utf-8"?><testsuites name="pytest tests"><testsuite name="pytest" errors="0" failures="18" skipped="274" tests="5490" time="349.431" timestamp="2026-06-28T01:16:14.948078-03:00" hostname="DESKTOP-HFHU0PU"><testcase classname="tests.test_abstract_tsd" name="test_create_atsd" time="0.008" /><testcase classname="tests.test_abstract_tsd" name="test_create_ats" time="0.003" /><testcase classname="tests.test_abstract_tsd" name="test_create_ats_from_tsindex" time="0.004" /><testcase classname="tests.test_abstract_tsd" name="test_create_ats_from_number" time="0.003" /><testcase classname="tests.test_abstract_tsd" name="test_create_ats_empty_with_time_support" time="0.004" /><testcase classname="tests.test_abstract_tsd" name="test_create_ats_empty_with_empty_time_support" time="0.007" /><testcase classname="tests.test_abstract_tsd" name="test_methods" time="0.004" /><testcase classname="tests.test_call_invocation" name="test_find_func" time="0.039" /><testcase classname="tests.test_call_invocation" name="test_find_class" time="0.006" /><testcase classname="tests.test_call_invocation" name="test_no_direct__class__invocation_in_base_subclasses" time="1.335" /><testcase classname="tests.test_call_invocation" name="test_no_direct_get_cls_invocation_in_base_subclasses" time="1.135" /><testcase classname="tests.test_cnmfe" name="test_inscopix_cnmfe" time="0.604" /><testcase classname="tests.test_cnmfe" name="test_minian" time="0.377" /><testcase classname="tests.test_cnmfe" name="test_cnmfe_matlab" time="0.437" /><testcase classname="tests.test_config" name="test_change_backend" time="0.006" /><testcase classname="tests.test_config" name="test_config_setter_input_validity[True-expectation0]" time="0.004" /><testcase classname="tests.test_config" name="test_config_setter_input_validity[False-expectation1]" time="0.004" /><testcase classname="tests.test_config" name="test_config_setter_input_validity[1-expectation2]" time="0.009" /><testcase classname="tests.test_config" name="test_config_setter_output" time="0.002" /><testcase classname="tests.test_config" name="test_config_restore_default" time="0.006" /><testcase classname="tests.test_config" name="test_config_supress_warning_t[Ts-t0-None-True-expectation0]" time="0.006" /><testcase classname="tests.test_config" name="test_config_supress_warning_t[Ts-t1-None-False-expectation1]" time="0.010" /><testcase classname="tests.test_config" name="test_config_supress_warning_t[Tsd-t2-d2-True-expectation2]" time="0.007" /><testcase classname="tests.test_config" name="test_config_supress_warning_t[Tsd-t3-d3-False-expectation3]" time="0.006" /><testcase classname="tests.test_config" name="test_config_supress_warning_t[TsdFrame-t4-d4-True-expectation4]" time="0.005" /><testcase classname="tests.test_config" name="test_config_supress_warning_t[TsdFrame-t5-d5-False-expectation5]" time="0.006" /><testcase classname="tests.test_config" name="test_config_supress_warning_t[TsdTensor-t6-d6-True-expectation6]" time="0.004" /><testcase classname="tests.test_config" name="test_config_supress_warning_t[TsdTensor-t7-d7-False-expectation7]" time="0.005" /><testcase classname="tests.test_config" name="test_config_supress_warning_d[Tsd-t0-d0-True-expectation0]" time="0.005" /><testcase classname="tests.test_config" name="test_config_supress_warning_d[Tsd-t1-d1-False-expectation1]" time="0.009" /><testcase classname="tests.test_config" name="test_config_supress_warning_d[TsdFrame-t2-d2-True-expectation2]" time="0.006" /><testcase classname="tests.test_config" name="test_config_supress_warning_d[TsdFrame-t3-d3-False-expectation3]" time="0.003" /><testcase classname="tests.test_config" name="test_config_supress_warning_d[TsdTensor-t4-d4-True-expectation4]" time="0.003" /><testcase classname="tests.test_config" name="test_config_supress_warning_d[TsdTensor-t5-d5-False-expectation5]" time="0.005" /><testcase classname="tests.test_config" name="test_get_time_index_precision" time="0.003" /><testcase classname="tests.test_correlograms" name="test_cross_correlogram" time="0.063" /><testcase classname="tests.test_correlograms" name="test_correlograms_type_errors[group0-a-10-ep0-True-s-Invalid type. Parameter binsize must be of type &lt;class 'numbers.Number'&gt;.-compute_eventcorrelogram]" time="0.008" /><testcase classname="tests.test_correlograms" name="test_correlograms_type_errors[group1-1-a-ep1-True-s-Invalid type. Parameter windowsize must be of type &lt;class 'numbers.Number'&gt;.-compute_eventcorrelogram]" time="0.012" /><testcase classname="tests.test_correlograms" name="test_correlograms_type_errors[group2-1-10-a-True-s-Invalid type. Parameter ep must be of type &lt;class 'pynapple.core.interval_set.IntervalSet'&gt;.-compute_eventcorrelogram]" time="0.013" /><testcase classname="tests.test_correlograms" name="test_correlograms_type_errors[group3-1-10-ep3-a-s-Invalid type. Parameter norm must be of type &lt;class 'bool'&gt;.-compute_eventcorrelogram]" time="0.009" /><testcase classname="tests.test_correlograms" name="test_correlograms_type_errors[group4-1-10-ep4-True-1-Invalid type. Parameter time_units must be of type &lt;class 'str'&gt;.-compute_eventcorrelogram]" time="0.010" /><testcase classname="tests.test_correlograms" name="test_correlograms_type_errors_group[compute_autocorrelogram-args0-Invalid type. Parameter group must be of type TsGroup]" time="0.008" /><testcase classname="tests.test_correlograms" name="test_correlograms_type_errors_group[compute_crosscorrelogram-args1-Invalid type. Parameter group must be of type TsGroup or a tuple\\/list of \\(TsGroup, TsGroup\\).]" time="0.008" /><testcase classname="tests.test_correlograms" name="test_correlograms_type_errors_group[compute_crosscorrelogram-args2-Invalid type. Parameter group must be of type TsGroup or a tuple\\/list of \\(TsGroup, TsGroup\\).]" time="0.006" /><testcase classname="tests.test_correlograms" name="test_correlograms_type_errors_group[compute_crosscorrelogram-args3-Invalid type. Parameter group must be of type TsGroup or a tuple\\/list of \\(TsGroup, TsGroup\\).]" time="0.006" /><testcase classname="tests.test_correlograms" name="test_correlograms_type_errors_group[compute_crosscorrelogram-args4-Invalid type. Parameter group must be of type TsGroup or a tuple\\/list of \\(TsGroup, TsGroup\\).]" time="0.003" /><testcase classname="tests.test_correlograms" name="test_correlograms_type_errors_group[compute_eventcorrelogram-args5-Invalid type. Parameter group must be of type TsGroup]" time="0.004" /><testcase classname="tests.test_correlograms" name="test_correlograms_type_errors_event[compute_eventcorrelogram-args0-Invalid type. Parameter event must be of type \\(&lt;class 'pynapple.core.time_series.Ts'&gt;, &lt;class 'pynapple.core.time_series.Tsd'&gt;\\).]" time="0.009" /><testcase classname="tests.test_correlograms" name="test_autocorrelogram[group0-1-100-kwargs0-expected0]" time="0.054" /><testcase classname="tests.test_correlograms" name="test_autocorrelogram[group1-1-100-kwargs1-expected1]" time="0.007" /><testcase classname="tests.test_correlograms" name="test_autocorrelogram[group2-1-100-kwargs2-expected2]" time="0.004" /><testcase classname="tests.test_correlograms" name="test_autocorrelogram[group3-1-100-kwargs3-expected3]" time="0.011" /><testcase classname="tests.test_correlograms" name="test_autocorrelogram[group4-1-100-kwargs4-expected4]" time="0.009" /><testcase classname="tests.test_correlograms" name="test_autocorrelogram[group5-1000.0-100000.0-kwargs5-expected5]" time="0.008" /><testcase classname="tests.test_correlograms" name="test_autocorrelogram[group6-1000000.0-100000000.0-kwargs6-expected6]" time="0.011" /><testcase classname="tests.test_correlograms" name="test_eventcorrelogram[group0-event0-1-100-kwargs0-expected0]" time="0.011" /><testcase classname="tests.test_correlograms" name="test_eventcorrelogram[group1-event1-1-100-kwargs1-expected1]" time="0.007" /><testcase classname="tests.test_correlograms" name="test_eventcorrelogram[group2-event2-1-100-kwargs2-expected2]" time="0.006" /><testcase classname="tests.test_correlograms" name="test_eventcorrelogram[group3-event3-1-100-kwargs3-expected3]" time="0.008" /><testcase classname="tests.test_correlograms" name="test_eventcorrelogram[group4-event4-1000.0-100000.0-kwargs4-expected4]" time="0.009" /><testcase classname="tests.test_correlograms" name="test_eventcorrelogram[group5-event5-1000000.0-100000000.0-kwargs5-expected5]" time="0.009" /><testcase classname="tests.test_correlograms" name="test_crosscorrelogram[group0-1-100-kwargs0-expected0]" time="0.020" /><testcase classname="tests.test_correlograms" name="test_crosscorrelogram[group1-1-100-kwargs1-expected1]" time="0.013" /><testcase classname="tests.test_correlograms" name="test_crosscorrelogram[group2-1-100-kwargs2-expected2]" time="0.012" /><testcase classname="tests.test_correlograms" name="test_crosscorrelogram[group3-1-100-kwargs3-expected3]" time="0.017" /><testcase classname="tests.test_correlograms" name="test_crosscorrelogram[group4-1-100-kwargs4-expected4]" time="0.012" /><testcase classname="tests.test_correlograms" name="test_crosscorrelogram[group5-1-100-kwargs5-expected5]" time="0.018" /><testcase classname="tests.test_correlograms" name="test_crosscorrelogram[group6-1-100-kwargs6-expected6]" time="0.013" /><testcase classname="tests.test_correlograms" name="test_crosscorrelogram[group7-1000.0-100000.0-kwargs7-expected7]" time="0.010" /><testcase classname="tests.test_correlograms" name="test_crosscorrelogram[group8-1000000.0-100000000.0-kwargs8-expected8]" time="0.007" /><testcase classname="tests.test_correlograms" name="test_crosscorrelogram_reverse" time="0.009" /><testcase classname="tests.test_correlograms" name="test_compute_isi_distribution_type_errors[args0-expectation0]" time="0.003" /><testcase classname="tests.test_correlograms" name="test_compute_isi_distribution_type_errors[args1-expectation1]" time="0.006" /><testcase classname="tests.test_correlograms" name="test_compute_isi_distribution_type_errors[args2-expectation2]" time="0.004" /><testcase classname="tests.test_correlograms" name="test_compute_isi_distribution_type_errors[args3-expectation3]" time="0.005" /><testcase classname="tests.test_correlograms" name="test_compute_isi_distribution_type_errors[args4-expectation4]" time="0.004" /><testcase classname="tests.test_correlograms" name="test_compute_isi_distribution_type_errors[args5-expectation5]" time="0.010" /><testcase classname="tests.test_correlograms" name="test_compute_isi_distribution_type_errors[args6-expectation6]" time="0.006" /><testcase classname="tests.test_correlograms" name="test_compute_isi_distribution_type_errors[args7-expectation7]" time="0.007" /><testcase classname="tests.test_correlograms" name="test_compute_isi_distribution_type_errors[args8-expectation8]" time="0.013" /><testcase classname="tests.test_correlograms" name="test_compute_isi_distribution_type_errors[args9-expectation9]" time="0.014" /><testcase classname="tests.test_correlograms" name="test_compute_isi_distribution_type_errors[args10-expectation10]" time="0.021" /><testcase classname="tests.test_correlograms" name="test_compute_isi_distribution_type_errors[args11-expectation11]" time="0.009" /><testcase classname="tests.test_correlograms" name="test_compute_isi_distribution_type_errors[args12-expectation12]" time="0.015" /><testcase classname="tests.test_correlograms" name="test_compute_isi_distribution_type_errors[args13-expectation13]" time="0.008" /><testcase classname="tests.test_correlograms" name="test_compute_isi_distribution_type_errors[args14-expectation14]" time="0.008" /><testcase classname="tests.test_correlograms" name="test_compute_isi_distribution_value_errors[args0-expectation0]" time="0.004" /><testcase classname="tests.test_correlograms" name="test_compute_isi_distribution_value_errors[args1-expectation1]" time="0.004" /><testcase classname="tests.test_correlograms" name="test_compute_isi_distribution_value_errors[args2-expectation2]" time="0.008" /><testcase classname="tests.test_correlograms" name="test_compute_isi_distribution[None-1-data0]" time="0.007" /><testcase classname="tests.test_correlograms" name="test_compute_isi_distribution[None-1-data1]" time="0.158" /><testcase classname="tests.test_correlograms" name="test_compute_isi_distribution[None-1-data2]" time="0.007" /><testcase classname="tests.test_correlograms" name="test_compute_isi_distribution[None-1-data3]" time="0.009" /><testcase classname="tests.test_correlograms" name="test_compute_isi_distribution[None-1-data4]" time="0.009" /><testcase classname="tests.test_correlograms" name="test_compute_isi_distribution[None-10-data0]" time="0.008" /><testcase classname="tests.test_correlograms" name="test_compute_isi_distribution[None-10-data1]" time="0.121" /><testcase classname="tests.test_correlograms" name="test_compute_isi_distribution[None-10-data2]" time="0.007" /><testcase classname="tests.test_correlograms" name="test_compute_isi_distribution[None-10-data3]" time="0.011" /><testcase classname="tests.test_correlograms" name="test_compute_isi_distribution[None-10-data4]" time="0.011" /><testcase classname="tests.test_correlograms" name="test_compute_isi_distribution[None-bins2-data0]" time="0.009" /><testcase classname="tests.test_correlograms" name="test_compute_isi_distribution[None-bins2-data1]" time="0.006" /><testcase classname="tests.test_correlograms" name="test_compute_isi_distribution[None-bins2-data2]" time="0.007" /><testcase classname="tests.test_correlograms" name="test_compute_isi_distribution[None-bins2-data3]" time="0.013" /><testcase classname="tests.test_correlograms" name="test_compute_isi_distribution[None-bins2-data4]" time="0.008" /><testcase classname="tests.test_correlograms" name="test_compute_isi_distribution[None-bins3-data0]" time="0.004" /><testcase classname="tests.test_correlograms" name="test_compute_isi_distribution[None-bins3-data1]" time="0.014" /><testcase classname="tests.test_correlograms" name="test_compute_isi_distribution[None-bins3-data2]" time="0.008" /><testcase classname="tests.test_correlograms" name="test_compute_isi_distribution[None-bins3-data3]" time="0.010" /><testcase classname="tests.test_correlograms" name="test_compute_isi_distribution[None-bins3-data4]" time="0.011" /><testcase classname="tests.test_correlograms" name="test_compute_isi_distribution[None-bins4-data0]" time="0.007" /><testcase classname="tests.test_correlograms" name="test_compute_isi_distribution[None-bins4-data1]" time="0.014" /><testcase classname="tests.test_correlograms" name="test_compute_isi_distribution[None-bins4-data2]" time="0.007" /><testcase classname="tests.test_correlograms" name="test_compute_isi_distribution[None-bins4-data3]" time="0.007" /><testcase classname="tests.test_correlograms" name="test_compute_isi_distribution[None-bins4-data4]" time="0.007" /><testcase classname="tests.test_correlograms" name="test_compute_isi_distribution[None-bins5-data0]" time="0.005" /><testcase classname="tests.test_correlograms" name="test_compute_isi_distribution[None-bins5-data1]" time="0.006" /><testcase classname="tests.test_correlograms" name="test_compute_isi_distribution[None-bins5-data2]" time="0.005" /><testcase classname="tests.test_correlograms" name="test_compute_isi_distribution[None-bins5-data3]" time="0.006" /><testcase classname="tests.test_correlograms" name="test_compute_isi_distribution[None-bins5-data4]" time="0.005" /><testcase classname="tests.test_correlograms" name="test_compute_isi_distribution[None-bins6-data0]" time="0.006" /><testcase classname="tests.test_correlograms" name="test_compute_isi_distribution[None-bins6-data1]" time="0.008" /><testcase classname="tests.test_correlograms" name="test_compute_isi_distribution[None-bins6-data2]" time="0.004" /><testcase classname="tests.test_correlograms" name="test_compute_isi_distribution[None-bins6-data3]" time="0.009" /><testcase classname="tests.test_correlograms" name="test_compute_isi_distribution[None-bins6-data4]" time="0.007" /><testcase classname="tests.test_correlograms" name="test_compute_isi_distribution[epochs1-1-data0]" time="0.008" /><testcase classname="tests.test_correlograms" name="test_compute_isi_distribution[epochs1-1-data1]" time="0.010" /><testcase classname="tests.test_correlograms" name="test_compute_isi_distribution[epochs1-1-data2]" time="0.007" /><testcase classname="tests.test_correlograms" name="test_compute_isi_distribution[epochs1-1-data3]" time="0.010" /><testcase classname="tests.test_correlograms" name="test_compute_isi_distribution[epochs1-1-data4]" time="0.007" /><testcase classname="tests.test_correlograms" name="test_compute_isi_distribution[epochs1-10-data0]" time="0.007" /><testcase classname="tests.test_correlograms" name="test_compute_isi_distribution[epochs1-10-data1]" time="0.022" /><testcase classname="tests.test_correlograms" name="test_compute_isi_distribution[epochs1-10-data2]" time="0.023" /><testcase classname="tests.test_correlograms" name="test_compute_isi_distribution[epochs1-10-data3]" time="0.028" /><testcase classname="tests.test_correlograms" name="test_compute_isi_distribution[epochs1-10-data4]" time="0.015" /><testcase classname="tests.test_correlograms" name="test_compute_isi_distribution[epochs1-bins2-data0]" time="0.011" /><testcase classname="tests.test_correlograms" name="test_compute_isi_distribution[epochs1-bins2-data1]" time="0.014" /><testcase classname="tests.test_correlograms" name="test_compute_isi_distribution[epochs1-bins2-data2]" time="0.018" /><testcase classname="tests.test_correlograms" name="test_compute_isi_distribution[epochs1-bins2-data3]" time="0.024" /><testcase classname="tests.test_correlograms" name="test_compute_isi_distribution[epochs1-bins2-data4]" time="0.045" /><testcase classname="tests.test_correlograms" name="test_compute_isi_distribution[epochs1-bins3-data0]" time="0.011" /><testcase classname="tests.test_correlograms" name="test_compute_isi_distribution[epochs1-bins3-data1]" time="0.017" /><testcase classname="tests.test_correlograms" name="test_compute_isi_distribution[epochs1-bins3-data2]" time="0.009" /><testcase classname="tests.test_correlograms" name="test_compute_isi_distribution[epochs1-bins3-data3]" time="0.012" /><testcase classname="tests.test_correlograms" name="test_compute_isi_distribution[epochs1-bins3-data4]" time="0.006" /><testcase classname="tests.test_correlograms" name="test_compute_isi_distribution[epochs1-bins4-data0]" time="0.009" /><testcase classname="tests.test_correlograms" name="test_compute_isi_distribution[epochs1-bins4-data1]" time="0.012" /><testcase classname="tests.test_correlograms" name="test_compute_isi_distribution[epochs1-bins4-data2]" time="0.008" /><testcase classname="tests.test_correlograms" name="test_compute_isi_distribution[epochs1-bins4-data3]" time="0.009" /><testcase classname="tests.test_correlograms" name="test_compute_isi_distribution[epochs1-bins4-data4]" time="0.008" /><testcase classname="tests.test_correlograms" name="test_compute_isi_distribution[epochs1-bins5-data0]" time="0.007" /><testcase classname="tests.test_correlograms" name="test_compute_isi_distribution[epochs1-bins5-data1]" time="0.012" /><testcase classname="tests.test_correlograms" name="test_compute_isi_distribution[epochs1-bins5-data2]" time="0.009" /><testcase classname="tests.test_correlograms" name="test_compute_isi_distribution[epochs1-bins5-data3]" time="0.010" /><testcase classname="tests.test_correlograms" name="test_compute_isi_distribution[epochs1-bins5-data4]" time="0.005" /><testcase classname="tests.test_correlograms" name="test_compute_isi_distribution[epochs1-bins6-data0]" time="0.007" /><testcase classname="tests.test_correlograms" name="test_compute_isi_distribution[epochs1-bins6-data1]" time="0.008" /><testcase classname="tests.test_correlograms" name="test_compute_isi_distribution[epochs1-bins6-data2]" time="0.005" /><testcase classname="tests.test_correlograms" name="test_compute_isi_distribution[epochs1-bins6-data3]" time="0.009" /><testcase classname="tests.test_correlograms" name="test_compute_isi_distribution[epochs1-bins6-data4]" time="0.004" /><testcase classname="tests.test_correlograms" name="test_compute_isi_distribution[epochs2-1-data0]" time="0.008" /><testcase classname="tests.test_correlograms" name="test_compute_isi_distribution[epochs2-1-data1]" time="0.016" /><testcase classname="tests.test_correlograms" name="test_compute_isi_distribution[epochs2-1-data2]" time="0.005" /><testcase classname="tests.test_correlograms" name="test_compute_isi_distribution[epochs2-1-data3]" time="0.005" /><testcase classname="tests.test_correlograms" name="test_compute_isi_distribution[epochs2-1-data4]" time="0.005" /><testcase classname="tests.test_correlograms" name="test_compute_isi_distribution[epochs2-10-data0]" time="0.006" /><testcase classname="tests.test_correlograms" name="test_compute_isi_distribution[epochs2-10-data1]" time="0.016" /><testcase classname="tests.test_correlograms" name="test_compute_isi_distribution[epochs2-10-data2]" time="0.005" /><testcase classname="tests.test_correlograms" name="test_compute_isi_distribution[epochs2-10-data3]" time="0.005" /><testcase classname="tests.test_correlograms" name="test_compute_isi_distribution[epochs2-10-data4]" time="0.006" /><testcase classname="tests.test_correlograms" name="test_compute_isi_distribution[epochs2-bins2-data0]" time="0.006" /><testcase classname="tests.test_correlograms" name="test_compute_isi_distribution[epochs2-bins2-data1]" time="0.013" /><testcase classname="tests.test_correlograms" name="test_compute_isi_distribution[epochs2-bins2-data2]" time="0.009" /><testcase classname="tests.test_correlograms" name="test_compute_isi_distribution[epochs2-bins2-data3]" time="0.015" /><testcase classname="tests.test_correlograms" name="test_compute_isi_distribution[epochs2-bins2-data4]" time="0.011" /><testcase classname="tests.test_correlograms" name="test_compute_isi_distribution[epochs2-bins3-data0]" time="0.008" /><testcase classname="tests.test_correlograms" name="test_compute_isi_distribution[epochs2-bins3-data1]" time="0.011" /><testcase classname="tests.test_correlograms" name="test_compute_isi_distribution[epochs2-bins3-data2]" time="0.010" /><testcase classname="tests.test_correlograms" name="test_compute_isi_distribution[epochs2-bins3-data3]" time="0.008" /><testcase classname="tests.test_correlograms" name="test_compute_isi_distribution[epochs2-bins3-data4]" time="0.008" /><testcase classname="tests.test_correlograms" name="test_compute_isi_distribution[epochs2-bins4-data0]" time="0.006" /><testcase classname="tests.test_correlograms" name="test_compute_isi_distribution[epochs2-bins4-data1]" time="0.006" /><testcase classname="tests.test_correlograms" name="test_compute_isi_distribution[epochs2-bins4-data2]" time="0.012" /><testcase classname="tests.test_correlograms" name="test_compute_isi_distribution[epochs2-bins4-data3]" time="0.013" /><testcase classname="tests.test_correlograms" name="test_compute_isi_distribution[epochs2-bins4-data4]" time="0.008" /><testcase classname="tests.test_correlograms" name="test_compute_isi_distribution[epochs2-bins5-data0]" time="0.006" /><testcase classname="tests.test_correlograms" name="test_compute_isi_distribution[epochs2-bins5-data1]" time="0.008" /><testcase classname="tests.test_correlograms" name="test_compute_isi_distribution[epochs2-bins5-data2]" time="0.016" /><testcase classname="tests.test_correlograms" name="test_compute_isi_distribution[epochs2-bins5-data3]" time="0.014" /><testcase classname="tests.test_correlograms" name="test_compute_isi_distribution[epochs2-bins5-data4]" time="0.004" /><testcase classname="tests.test_correlograms" name="test_compute_isi_distribution[epochs2-bins6-data0]" time="0.008" /><testcase classname="tests.test_correlograms" name="test_compute_isi_distribution[epochs2-bins6-data1]" time="0.007" /><testcase classname="tests.test_correlograms" name="test_compute_isi_distribution[epochs2-bins6-data2]" time="0.006" /><testcase classname="tests.test_correlograms" name="test_compute_isi_distribution[epochs2-bins6-data3]" time="0.010" /><testcase classname="tests.test_correlograms" name="test_compute_isi_distribution[epochs2-bins6-data4]" time="0.006" /><testcase classname="tests.test_correlograms" name="test_compute_isi_distribution[epochs3-1-data0]" time="0.004" /><testcase classname="tests.test_correlograms" name="test_compute_isi_distribution[epochs3-1-data1]" time="0.110" /><testcase classname="tests.test_correlograms" name="test_compute_isi_distribution[epochs3-1-data2]" time="0.006" /><testcase classname="tests.test_correlograms" name="test_compute_isi_distribution[epochs3-1-data3]" time="0.009" /><testcase classname="tests.test_correlograms" name="test_compute_isi_distribution[epochs3-1-data4]" time="0.009" /><testcase classname="tests.test_correlograms" name="test_compute_isi_distribution[epochs3-10-data0]" time="0.009" /><testcase classname="tests.test_correlograms" name="test_compute_isi_distribution[epochs3-10-data1]" time="0.132" /><testcase classname="tests.test_correlograms" name="test_compute_isi_distribution[epochs3-10-data2]" time="0.007" /><testcase classname="tests.test_correlograms" name="test_compute_isi_distribution[epochs3-10-data3]" time="0.012" /><testcase classname="tests.test_correlograms" name="test_compute_isi_distribution[epochs3-10-data4]" time="0.008" /><testcase classname="tests.test_correlograms" name="test_compute_isi_distribution[epochs3-bins2-data0]" time="0.009" /><testcase classname="tests.test_correlograms" name="test_compute_isi_distribution[epochs3-bins2-data1]" time="0.008" /><testcase classname="tests.test_correlograms" name="test_compute_isi_distribution[epochs3-bins2-data2]" time="0.007" /><testcase classname="tests.test_correlograms" name="test_compute_isi_distribution[epochs3-bins2-data3]" time="0.006" /><testcase classname="tests.test_correlograms" name="test_compute_isi_distribution[epochs3-bins2-data4]" time="0.007" /><testcase classname="tests.test_correlograms" name="test_compute_isi_distribution[epochs3-bins3-data0]" time="0.009" /><testcase classname="tests.test_correlograms" name="test_compute_isi_distribution[epochs3-bins3-data1]" time="0.005" /><testcase classname="tests.test_correlograms" name="test_compute_isi_distribution[epochs3-bins3-data2]" time="0.007" /><testcase classname="tests.test_correlograms" name="test_compute_isi_distribution[epochs3-bins3-data3]" time="0.007" /><testcase classname="tests.test_correlograms" name="test_compute_isi_distribution[epochs3-bins3-data4]" time="0.006" /><testcase classname="tests.test_correlograms" name="test_compute_isi_distribution[epochs3-bins4-data0]" time="0.007" /><testcase classname="tests.test_correlograms" name="test_compute_isi_distribution[epochs3-bins4-data1]" time="0.006" /><testcase classname="tests.test_correlograms" name="test_compute_isi_distribution[epochs3-bins4-data2]" time="0.009" /><testcase classname="tests.test_correlograms" name="test_compute_isi_distribution[epochs3-bins4-data3]" time="0.009" /><testcase classname="tests.test_correlograms" name="test_compute_isi_distribution[epochs3-bins4-data4]" time="0.006" /><testcase classname="tests.test_correlograms" name="test_compute_isi_distribution[epochs3-bins5-data0]" time="0.008" /><testcase classname="tests.test_correlograms" name="test_compute_isi_distribution[epochs3-bins5-data1]" time="0.012" /><testcase classname="tests.test_correlograms" name="test_compute_isi_distribution[epochs3-bins5-data2]" time="0.019" /><testcase classname="tests.test_correlograms" name="test_compute_isi_distribution[epochs3-bins5-data3]" time="0.011" /><testcase classname="tests.test_correlograms" name="test_compute_isi_distribution[epochs3-bins5-data4]" time="0.010" /><testcase classname="tests.test_correlograms" name="test_compute_isi_distribution[epochs3-bins6-data0]" time="0.008" /><testcase classname="tests.test_correlograms" name="test_compute_isi_distribution[epochs3-bins6-data1]" time="0.008" /><testcase classname="tests.test_correlograms" name="test_compute_isi_distribution[epochs3-bins6-data2]" time="0.005" /><testcase classname="tests.test_correlograms" name="test_compute_isi_distribution[epochs3-bins6-data3]" time="0.010" /><testcase classname="tests.test_correlograms" name="test_compute_isi_distribution[epochs3-bins6-data4]" time="0.008" /><testcase classname="tests.test_correlograms" name="test_compute_isi_distribution[epochs4-1-data0]" time="0.005" /><testcase classname="tests.test_correlograms" name="test_compute_isi_distribution[epochs4-1-data1]" time="0.151" /><testcase classname="tests.test_correlograms" name="test_compute_isi_distribution[epochs4-1-data2]" time="0.006" /><testcase classname="tests.test_correlograms" name="test_compute_isi_distribution[epochs4-1-data3]" time="0.011" /><testcase classname="tests.test_correlograms" name="test_compute_isi_distribution[epochs4-1-data4]" time="0.005" /><testcase classname="tests.test_correlograms" name="test_compute_isi_distribution[epochs4-10-data0]" time="0.005" /><testcase classname="tests.test_correlograms" name="test_compute_isi_distribution[epochs4-10-data1]" time="0.132" /><testcase classname="tests.test_correlograms" name="test_compute_isi_distribution[epochs4-10-data2]" time="0.008" /><testcase classname="tests.test_correlograms" name="test_compute_isi_distribution[epochs4-10-data3]" time="0.008" /><testcase classname="tests.test_correlograms" name="test_compute_isi_distribution[epochs4-10-data4]" time="0.005" /><testcase classname="tests.test_correlograms" name="test_compute_isi_distribution[epochs4-bins2-data0]" time="0.005" /><testcase classname="tests.test_correlograms" name="test_compute_isi_distribution[epochs4-bins2-data1]" time="0.006" /><testcase classname="tests.test_correlograms" name="test_compute_isi_distribution[epochs4-bins2-data2]" time="0.005" /><testcase classname="tests.test_correlograms" name="test_compute_isi_distribution[epochs4-bins2-data3]" time="0.008" /><testcase classname="tests.test_correlograms" name="test_compute_isi_distribution[epochs4-bins2-data4]" time="0.010" /><testcase classname="tests.test_correlograms" name="test_compute_isi_distribution[epochs4-bins3-data0]" time="0.005" /><testcase classname="tests.test_correlograms" name="test_compute_isi_distribution[epochs4-bins3-data1]" time="0.006" /><testcase classname="tests.test_correlograms" name="test_compute_isi_distribution[epochs4-bins3-data2]" time="0.006" /><testcase classname="tests.test_correlograms" name="test_compute_isi_distribution[epochs4-bins3-data3]" time="0.008" /><testcase classname="tests.test_correlograms" name="test_compute_isi_distribution[epochs4-bins3-data4]" time="0.009" /><testcase classname="tests.test_correlograms" name="test_compute_isi_distribution[epochs4-bins4-data0]" time="0.005" /><testcase classname="tests.test_correlograms" name="test_compute_isi_distribution[epochs4-bins4-data1]" time="0.005" /><testcase classname="tests.test_correlograms" name="test_compute_isi_distribution[epochs4-bins4-data2]" time="0.004" /><testcase classname="tests.test_correlograms" name="test_compute_isi_distribution[epochs4-bins4-data3]" time="0.005" /><testcase classname="tests.test_correlograms" name="test_compute_isi_distribution[epochs4-bins4-data4]" time="0.005" /><testcase classname="tests.test_correlograms" name="test_compute_isi_distribution[epochs4-bins5-data0]" time="0.004" /><testcase classname="tests.test_correlograms" name="test_compute_isi_distribution[epochs4-bins5-data1]" time="0.007" /><testcase classname="tests.test_correlograms" name="test_compute_isi_distribution[epochs4-bins5-data2]" time="0.004" /><testcase classname="tests.test_correlograms" name="test_compute_isi_distribution[epochs4-bins5-data3]" time="0.007" /><testcase classname="tests.test_correlograms" name="test_compute_isi_distribution[epochs4-bins5-data4]" time="0.004" /><testcase classname="tests.test_correlograms" name="test_compute_isi_distribution[epochs4-bins6-data0]" time="0.006" /><testcase classname="tests.test_correlograms" name="test_compute_isi_distribution[epochs4-bins6-data1]" time="0.009" /><testcase classname="tests.test_correlograms" name="test_compute_isi_distribution[epochs4-bins6-data2]" time="0.005" /><testcase classname="tests.test_correlograms" name="test_compute_isi_distribution[epochs4-bins6-data3]" time="0.007" /><testcase classname="tests.test_correlograms" name="test_compute_isi_distribution[epochs4-bins6-data4]" time="0.005" /><testcase classname="tests.test_correlograms" name="test_compute_isi_distribution[epochs5-1-data0]" time="0.008" /><testcase classname="tests.test_correlograms" name="test_compute_isi_distribution[epochs5-1-data1]" time="0.012" /><testcase classname="tests.test_correlograms" name="test_compute_isi_distribution[epochs5-1-data2]" time="0.005" /><testcase classname="tests.test_correlograms" name="test_compute_isi_distribution[epochs5-1-data3]" time="0.010" /><testcase classname="tests.test_correlograms" name="test_compute_isi_distribution[epochs5-1-data4]" time="0.006" /><testcase classname="tests.test_correlograms" name="test_compute_isi_distribution[epochs5-10-data0]" time="0.006" /><testcase classname="tests.test_correlograms" name="test_compute_isi_distribution[epochs5-10-data1]" time="0.016" /><testcase classname="tests.test_correlograms" name="test_compute_isi_distribution[epochs5-10-data2]" time="0.007" /><testcase classname="tests.test_correlograms" name="test_compute_isi_distribution[epochs5-10-data3]" time="0.008" /><testcase classname="tests.test_correlograms" name="test_compute_isi_distribution[epochs5-10-data4]" time="0.007" /><testcase classname="tests.test_correlograms" name="test_compute_isi_distribution[epochs5-bins2-data0]" time="0.004" /><testcase classname="tests.test_correlograms" name="test_compute_isi_distribution[epochs5-bins2-data1]" time="0.011" /><testcase classname="tests.test_correlograms" name="test_compute_isi_distribution[epochs5-bins2-data2]" time="0.006" /><testcase classname="tests.test_correlograms" name="test_compute_isi_distribution[epochs5-bins2-data3]" time="0.007" /><testcase classname="tests.test_correlograms" name="test_compute_isi_distribution[epochs5-bins2-data4]" time="0.007" /><testcase classname="tests.test_correlograms" name="test_compute_isi_distribution[epochs5-bins3-data0]" time="0.007" /><testcase classname="tests.test_correlograms" name="test_compute_isi_distribution[epochs5-bins3-data1]" time="0.086" /><testcase classname="tests.test_correlograms" name="test_compute_isi_distribution[epochs5-bins3-data2]" time="0.013" /><testcase classname="tests.test_correlograms" name="test_compute_isi_distribution[epochs5-bins3-data3]" time="0.014" /><testcase classname="tests.test_correlograms" name="test_compute_isi_distribution[epochs5-bins3-data4]" time="0.007" /><testcase classname="tests.test_correlograms" name="test_compute_isi_distribution[epochs5-bins4-data0]" time="0.010" /><testcase classname="tests.test_correlograms" name="test_compute_isi_distribution[epochs5-bins4-data1]" time="0.013" /><testcase classname="tests.test_correlograms" name="test_compute_isi_distribution[epochs5-bins4-data2]" time="0.008" /><testcase classname="tests.test_correlograms" name="test_compute_isi_distribution[epochs5-bins4-data3]" time="0.014" /><testcase classname="tests.test_correlograms" name="test_compute_isi_distribution[epochs5-bins4-data4]" time="0.008" /><testcase classname="tests.test_correlograms" name="test_compute_isi_distribution[epochs5-bins5-data0]" time="0.009" /><testcase classname="tests.test_correlograms" name="test_compute_isi_distribution[epochs5-bins5-data1]" time="0.012" /><testcase classname="tests.test_correlograms" name="test_compute_isi_distribution[epochs5-bins5-data2]" time="0.008" /><testcase classname="tests.test_correlograms" name="test_compute_isi_distribution[epochs5-bins5-data3]" time="0.012" /><testcase classname="tests.test_correlograms" name="test_compute_isi_distribution[epochs5-bins5-data4]" time="0.008" /><testcase classname="tests.test_correlograms" name="test_compute_isi_distribution[epochs5-bins6-data0]" time="0.006" /><testcase classname="tests.test_correlograms" name="test_compute_isi_distribution[epochs5-bins6-data1]" time="0.012" /><testcase classname="tests.test_correlograms" name="test_compute_isi_distribution[epochs5-bins6-data2]" time="0.009" /><testcase classname="tests.test_correlograms" name="test_compute_isi_distribution[epochs5-bins6-data3]" time="0.009" /><testcase classname="tests.test_correlograms" name="test_compute_isi_distribution[epochs5-bins6-data4]" time="0.008" /><testcase classname="tests.test_decoding" name="test_decode_input_errors[overwrite_default_args0-expectation0]" time="0.030" /><testcase classname="tests.test_decoding" name="test_decode_input_errors[overwrite_default_args1-expectation1]" time="0.027" /><testcase classname="tests.test_decoding" name="test_decode_input_errors[overwrite_default_args2-expectation2]" time="0.030" /><testcase classname="tests.test_decoding" name="test_decode_input_errors[overwrite_default_args3-expectation3]" time="0.017" /><testcase classname="tests.test_decoding" name="test_decode_input_errors[overwrite_default_args4-expectation4]" time="0.025" /><testcase classname="tests.test_decoding" name="test_decode_input_errors[overwrite_default_args5-expectation5]" time="0.035" /><testcase classname="tests.test_decoding" name="test_decode_input_errors[overwrite_default_args6-expectation6]" time="0.034" /><testcase classname="tests.test_decoding" name="test_decode_input_errors[overwrite_default_args7-expectation7]" time="0.033" /><testcase classname="tests.test_decoding" name="test_decode_input_errors[overwrite_default_args8-expectation8]" time="0.023" /><testcase classname="tests.test_decoding" name="test_decode_input_errors[overwrite_default_args9-expectation9]" time="0.021" /><testcase classname="tests.test_decoding" name="test_decode_input_errors[overwrite_default_args10-expectation10]" time="0.016" /><testcase classname="tests.test_decoding" name="test_decode_input_errors[overwrite_default_args11-expectation11]" time="0.015" /><testcase classname="tests.test_decoding" name="test_decode_input_errors[overwrite_default_args12-expectation12]" time="0.016" /><testcase classname="tests.test_decoding" name="test_decode_input_errors[overwrite_default_args13-expectation13]" time="0.013" /><testcase classname="tests.test_decoding" name="test_decode_input_errors[overwrite_default_args14-expectation14]" time="0.030" /><testcase classname="tests.test_decoding" name="test_decode_input_errors[overwrite_default_args15-expectation15]" time="0.035" /><testcase classname="tests.test_decoding" name="test_decode_input_errors[overwrite_default_args16-expectation16]" time="0.036" /><testcase classname="tests.test_decoding" name="test_decode_input_errors[overwrite_default_args17-expectation17]" time="0.024" /><testcase classname="tests.test_decoding" name="test_decode_input_errors[overwrite_default_args18-expectation18]" time="0.022" /><testcase classname="tests.test_decoding" name="test_decode_input_errors[overwrite_default_args19-expectation19]" time="0.037" /><testcase classname="tests.test_decoding" name="test_decode_input_errors[overwrite_default_args20-expectation20]" time="0.038" /><testcase classname="tests.test_decoding" name="test_decode_input_errors_sliding_window_size[overwrite_default_args0-expectation0]" time="0.014" /><testcase classname="tests.test_decoding" name="test_decode_input_errors_sliding_window_size[overwrite_default_args1-expectation1]" time="0.020" /><testcase classname="tests.test_decoding" name="test_decode_input_errors_sliding_window_size[overwrite_default_args2-expectation2]" time="0.027" /><testcase classname="tests.test_decoding" name="test_decode_input_errors_sliding_window_size[overwrite_default_args3-expectation3]" time="0.016" /><testcase classname="tests.test_decoding" name="test_decode_input_errors_sliding_window_size[overwrite_default_args4-expectation4]" time="0.020" /><testcase classname="tests.test_decoding" name="test_decode_input_errors_sliding_window_size[overwrite_default_args5-expectation5]" time="0.027" /><testcase classname="tests.test_decoding" name="test_decode_bayes_input_errors[overwrite_default_args0-expectation0]" time="0.011" /><testcase classname="tests.test_decoding" name="test_decode_bayes_input_errors[overwrite_default_args1-expectation1]" time="0.021" /><testcase classname="tests.test_decoding" name="test_decode_bayes[1-1.0-s-None-True-True]" time="0.019" /><testcase classname="tests.test_decoding" name="test_decode_bayes[1-1.0-s-None-True-False]" time="0.019" /><testcase classname="tests.test_decoding" name="test_decode_bayes[1-1.0-s-None-False-True]" time="0.021" /><testcase classname="tests.test_decoding" name="test_decode_bayes[1-1.0-s-None-False-False]" time="0.015" /><testcase classname="tests.test_decoding" name="test_decode_bayes[1-1.0-s-1-True-True]" time="0.024" /><testcase classname="tests.test_decoding" name="test_decode_bayes[1-1.0-s-1-True-False]" time="0.025" /><testcase classname="tests.test_decoding" name="test_decode_bayes[1-1.0-s-1-False-True]" time="0.025" /><testcase classname="tests.test_decoding" name="test_decode_bayes[1-1.0-s-1-False-False]" time="0.019" /><testcase classname="tests.test_decoding" name="test_decode_bayes[1-1.0-s-3-True-True]" time="0.027" /><testcase classname="tests.test_decoding" name="test_decode_bayes[1-1.0-s-3-True-False]" time="0.024" /><testcase classname="tests.test_decoding" name="test_decode_bayes[1-1.0-s-3-False-True]" time="0.026" /><testcase classname="tests.test_decoding" name="test_decode_bayes[1-1.0-s-3-False-False]" time="0.019" /><testcase classname="tests.test_decoding" name="test_decode_bayes[2-1.0-s0-None-True-True]" time="0.022" /><testcase classname="tests.test_decoding" name="test_decode_bayes[2-1.0-s0-None-True-False]" time="0.021" /><testcase classname="tests.test_decoding" name="test_decode_bayes[2-1.0-s0-None-False-True]" time="0.018" /><testcase classname="tests.test_decoding" name="test_decode_bayes[2-1.0-s0-None-False-False]" time="0.019" /><testcase classname="tests.test_decoding" name="test_decode_bayes[2-1.0-s0-1-True-True]" time="0.021" /><testcase classname="tests.test_decoding" name="test_decode_bayes[2-1.0-s0-1-True-False]" time="0.024" /><testcase classname="tests.test_decoding" name="test_decode_bayes[2-1.0-s0-1-False-True]" time="0.029" /><testcase classname="tests.test_decoding" name="test_decode_bayes[2-1.0-s0-1-False-False]" time="0.031" /><testcase classname="tests.test_decoding" name="test_decode_bayes[2-1.0-s0-3-True-True]" time="0.032" /><testcase classname="tests.test_decoding" name="test_decode_bayes[2-1.0-s0-3-True-False]" time="0.032" /><testcase classname="tests.test_decoding" name="test_decode_bayes[2-1.0-s0-3-False-True]" time="0.032" /><testcase classname="tests.test_decoding" name="test_decode_bayes[2-1.0-s0-3-False-False]" time="0.037" /><testcase classname="tests.test_decoding" name="test_decode_bayes[3-1.0-s0-None-True-True]" time="0.050" /><testcase classname="tests.test_decoding" name="test_decode_bayes[3-1.0-s0-None-True-False]" time="0.037" /><testcase classname="tests.test_decoding" name="test_decode_bayes[3-1.0-s0-None-False-True]" time="0.046" /><testcase classname="tests.test_decoding" name="test_decode_bayes[3-1.0-s0-None-False-False]" time="0.052" /><testcase classname="tests.test_decoding" name="test_decode_bayes[3-1.0-s0-1-True-True]" time="0.075" /><testcase classname="tests.test_decoding" name="test_decode_bayes[3-1.0-s0-1-True-False]" time="0.080" /><testcase classname="tests.test_decoding" name="test_decode_bayes[3-1.0-s0-1-False-True]" time="0.085" /><testcase classname="tests.test_decoding" name="test_decode_bayes[3-1.0-s0-1-False-False]" time="0.082" /><testcase classname="tests.test_decoding" name="test_decode_bayes[3-1.0-s0-3-True-True]" time="0.054" /><testcase classname="tests.test_decoding" name="test_decode_bayes[3-1.0-s0-3-True-False]" time="0.051" /><testcase classname="tests.test_decoding" name="test_decode_bayes[3-1.0-s0-3-False-True]" time="0.058" /><testcase classname="tests.test_decoding" name="test_decode_bayes[3-1.0-s0-3-False-False]" time="0.044" /><testcase classname="tests.test_decoding" name="test_decode_bayes[2-1.0-s1-None-True-True]" time="0.030" /><testcase classname="tests.test_decoding" name="test_decode_bayes[2-1.0-s1-None-True-False]" time="0.031" /><testcase classname="tests.test_decoding" name="test_decode_bayes[2-1.0-s1-None-False-True]" time="0.043" /><testcase classname="tests.test_decoding" name="test_decode_bayes[2-1.0-s1-None-False-False]" time="0.041" /><testcase classname="tests.test_decoding" name="test_decode_bayes[2-1.0-s1-1-True-True]" time="0.048" /><testcase classname="tests.test_decoding" name="test_decode_bayes[2-1.0-s1-1-True-False]" time="0.048" /><testcase classname="tests.test_decoding" name="test_decode_bayes[2-1.0-s1-1-False-True]" time="0.057" /><testcase classname="tests.test_decoding" name="test_decode_bayes[2-1.0-s1-1-False-False]" time="0.054" /><testcase classname="tests.test_decoding" name="test_decode_bayes[2-1.0-s1-3-True-True]" time="0.043" /><testcase classname="tests.test_decoding" name="test_decode_bayes[2-1.0-s1-3-True-False]" time="0.037" /><testcase classname="tests.test_decoding" name="test_decode_bayes[2-1.0-s1-3-False-True]" time="0.044" /><testcase classname="tests.test_decoding" name="test_decode_bayes[2-1.0-s1-3-False-False]" time="0.035" /><testcase classname="tests.test_decoding" name="test_decode_bayes[3-1.0-s1-None-True-True]" time="0.037" /><testcase classname="tests.test_decoding" name="test_decode_bayes[3-1.0-s1-None-True-False]" time="0.029" /><testcase classname="tests.test_decoding" name="test_decode_bayes[3-1.0-s1-None-False-True]" time="0.034" /><testcase classname="tests.test_decoding" name="test_decode_bayes[3-1.0-s1-None-False-False]" time="0.037" /><testcase classname="tests.test_decoding" name="test_decode_bayes[3-1.0-s1-1-True-True]" time="0.035" /><testcase classname="tests.test_decoding" name="test_decode_bayes[3-1.0-s1-1-True-False]" time="0.037" /><testcase classname="tests.test_decoding" name="test_decode_bayes[3-1.0-s1-1-False-True]" time="0.053" /><testcase classname="tests.test_decoding" name="test_decode_bayes[3-1.0-s1-1-False-False]" time="0.060" /><testcase classname="tests.test_decoding" name="test_decode_bayes[3-1.0-s1-3-True-True]" time="0.060" /><testcase classname="tests.test_decoding" name="test_decode_bayes[3-1.0-s1-3-True-False]" time="0.058" /><testcase classname="tests.test_decoding" name="test_decode_bayes[3-1.0-s1-3-False-True]" time="0.069" /><testcase classname="tests.test_decoding" name="test_decode_bayes[3-1.0-s1-3-False-False]" time="0.066" /><testcase classname="tests.test_decoding" name="test_decode_bayes[1-1000.0-ms-None-True-True]" time="0.035" /><testcase classname="tests.test_decoding" name="test_decode_bayes[1-1000.0-ms-None-True-False]" time="0.034" /><testcase classname="tests.test_decoding" name="test_decode_bayes[1-1000.0-ms-None-False-True]" time="0.033" /><testcase classname="tests.test_decoding" name="test_decode_bayes[1-1000.0-ms-None-False-False]" time="0.029" /><testcase classname="tests.test_decoding" name="test_decode_bayes[1-1000.0-ms-1-True-True]" time="0.039" /><testcase classname="tests.test_decoding" name="test_decode_bayes[1-1000.0-ms-1-True-False]" time="0.036" /><testcase classname="tests.test_decoding" name="test_decode_bayes[1-1000.0-ms-1-False-True]" time="0.038" /><testcase classname="tests.test_decoding" name="test_decode_bayes[1-1000.0-ms-1-False-False]" time="0.034" /><testcase classname="tests.test_decoding" name="test_decode_bayes[1-1000.0-ms-3-True-True]" time="0.035" /><testcase classname="tests.test_decoding" name="test_decode_bayes[1-1000.0-ms-3-True-False]" time="0.032" /><testcase classname="tests.test_decoding" name="test_decode_bayes[1-1000.0-ms-3-False-True]" time="0.048" /><testcase classname="tests.test_decoding" name="test_decode_bayes[1-1000.0-ms-3-False-False]" time="0.053" /><testcase classname="tests.test_decoding" name="test_decode_bayes[2-1000.0-ms0-None-True-True]" time="0.063" /><testcase classname="tests.test_decoding" name="test_decode_bayes[2-1000.0-ms0-None-True-False]" time="0.067" /><testcase classname="tests.test_decoding" name="test_decode_bayes[2-1000.0-ms0-None-False-True]" time="0.073" /><testcase classname="tests.test_decoding" name="test_decode_bayes[2-1000.0-ms0-None-False-False]" time="0.052" /><testcase classname="tests.test_decoding" name="test_decode_bayes[2-1000.0-ms0-1-True-True]" time="0.047" /><testcase classname="tests.test_decoding" name="test_decode_bayes[2-1000.0-ms0-1-True-False]" time="0.056" /><testcase classname="tests.test_decoding" name="test_decode_bayes[2-1000.0-ms0-1-False-True]" time="0.062" /><testcase classname="tests.test_decoding" name="test_decode_bayes[2-1000.0-ms0-1-False-False]" time="0.066" /><testcase classname="tests.test_decoding" name="test_decode_bayes[2-1000.0-ms0-3-True-True]" time="0.057" /><testcase classname="tests.test_decoding" name="test_decode_bayes[2-1000.0-ms0-3-True-False]" time="0.066" /><testcase classname="tests.test_decoding" name="test_decode_bayes[2-1000.0-ms0-3-False-True]" time="0.052" /><testcase classname="tests.test_decoding" name="test_decode_bayes[2-1000.0-ms0-3-False-False]" time="0.052" /><testcase classname="tests.test_decoding" name="test_decode_bayes[3-1000.0-ms0-None-True-True]" time="0.061" /><testcase classname="tests.test_decoding" name="test_decode_bayes[3-1000.0-ms0-None-True-False]" time="0.056" /><testcase classname="tests.test_decoding" name="test_decode_bayes[3-1000.0-ms0-None-False-True]" time="0.062" /><testcase classname="tests.test_decoding" name="test_decode_bayes[3-1000.0-ms0-None-False-False]" time="0.060" /><testcase classname="tests.test_decoding" name="test_decode_bayes[3-1000.0-ms0-1-True-True]" time="0.052" /><testcase classname="tests.test_decoding" name="test_decode_bayes[3-1000.0-ms0-1-True-False]" time="0.054" /><testcase classname="tests.test_decoding" name="test_decode_bayes[3-1000.0-ms0-1-False-True]" time="0.064" /><testcase classname="tests.test_decoding" name="test_decode_bayes[3-1000.0-ms0-1-False-False]" time="0.119" /><testcase classname="tests.test_decoding" name="test_decode_bayes[3-1000.0-ms0-3-True-True]" time="0.112" /><testcase classname="tests.test_decoding" name="test_decode_bayes[3-1000.0-ms0-3-True-False]" time="0.105" /><testcase classname="tests.test_decoding" name="test_decode_bayes[3-1000.0-ms0-3-False-True]" time="0.109" /><testcase classname="tests.test_decoding" name="test_decode_bayes[3-1000.0-ms0-3-False-False]" time="0.090" /><testcase classname="tests.test_decoding" name="test_decode_bayes[2-1000.0-ms1-None-True-True]" time="0.055" /><testcase classname="tests.test_decoding" name="test_decode_bayes[2-1000.0-ms1-None-True-False]" time="0.049" /><testcase classname="tests.test_decoding" name="test_decode_bayes[2-1000.0-ms1-None-False-True]" time="0.050" /><testcase classname="tests.test_decoding" name="test_decode_bayes[2-1000.0-ms1-None-False-False]" time="0.042" /><testcase classname="tests.test_decoding" name="test_decode_bayes[2-1000.0-ms1-1-True-True]" time="0.037" /><testcase classname="tests.test_decoding" name="test_decode_bayes[2-1000.0-ms1-1-True-False]" time="0.044" /><testcase classname="tests.test_decoding" name="test_decode_bayes[2-1000.0-ms1-1-False-True]" time="0.042" /><testcase classname="tests.test_decoding" name="test_decode_bayes[2-1000.0-ms1-1-False-False]" time="0.042" /><testcase classname="tests.test_decoding" name="test_decode_bayes[2-1000.0-ms1-3-True-True]" time="0.042" /><testcase classname="tests.test_decoding" name="test_decode_bayes[2-1000.0-ms1-3-True-False]" time="0.045" /><testcase classname="tests.test_decoding" name="test_decode_bayes[2-1000.0-ms1-3-False-True]" time="0.043" /><testcase classname="tests.test_decoding" name="test_decode_bayes[2-1000.0-ms1-3-False-False]" time="0.043" /><testcase classname="tests.test_decoding" name="test_decode_bayes[3-1000.0-ms1-None-True-True]" time="0.048" /><testcase classname="tests.test_decoding" name="test_decode_bayes[3-1000.0-ms1-None-True-False]" time="0.046" /><testcase classname="tests.test_decoding" name="test_decode_bayes[3-1000.0-ms1-None-False-True]" time="0.056" /><testcase classname="tests.test_decoding" name="test_decode_bayes[3-1000.0-ms1-None-False-False]" time="0.222" /><testcase classname="tests.test_decoding" name="test_decode_bayes[3-1000.0-ms1-1-True-True]" time="0.068" /><testcase classname="tests.test_decoding" name="test_decode_bayes[3-1000.0-ms1-1-True-False]" time="0.144" /><testcase classname="tests.test_decoding" name="test_decode_bayes[3-1000.0-ms1-1-False-True]" time="0.058" /><testcase classname="tests.test_decoding" name="test_decode_bayes[3-1000.0-ms1-1-False-False]" time="0.051" /><testcase classname="tests.test_decoding" name="test_decode_bayes[3-1000.0-ms1-3-True-True]" time="0.040" /><testcase classname="tests.test_decoding" name="test_decode_bayes[3-1000.0-ms1-3-True-False]" time="0.039" /><testcase classname="tests.test_decoding" name="test_decode_bayes[3-1000.0-ms1-3-False-True]" time="0.042" /><testcase classname="tests.test_decoding" name="test_decode_bayes[3-1000.0-ms1-3-False-False]" time="0.058" /><testcase classname="tests.test_decoding" name="test_decode_bayes[1-1000000.0-us-None-True-True]" time="0.046" /><testcase classname="tests.test_decoding" name="test_decode_bayes[1-1000000.0-us-None-True-False]" time="0.059" /><testcase classname="tests.test_decoding" name="test_decode_bayes[1-1000000.0-us-None-False-True]" time="0.072" /><testcase classname="tests.test_decoding" name="test_decode_bayes[1-1000000.0-us-None-False-False]" time="0.043" /><testcase classname="tests.test_decoding" name="test_decode_bayes[1-1000000.0-us-1-True-True]" time="0.072" /><testcase classname="tests.test_decoding" name="test_decode_bayes[1-1000000.0-us-1-True-False]" time="0.038" /><testcase classname="tests.test_decoding" name="test_decode_bayes[1-1000000.0-us-1-False-True]" time="0.038" /><testcase classname="tests.test_decoding" name="test_decode_bayes[1-1000000.0-us-1-False-False]" time="0.050" /><testcase classname="tests.test_decoding" name="test_decode_bayes[1-1000000.0-us-3-True-True]" time="0.068" /><testcase classname="tests.test_decoding" name="test_decode_bayes[1-1000000.0-us-3-True-False]" time="0.074" /><testcase classname="tests.test_decoding" name="test_decode_bayes[1-1000000.0-us-3-False-True]" time="0.055" /><testcase classname="tests.test_decoding" name="test_decode_bayes[1-1000000.0-us-3-False-False]" time="0.090" /><testcase classname="tests.test_decoding" name="test_decode_bayes[2-1000000.0-us0-None-True-True]" time="0.087" /><testcase classname="tests.test_decoding" name="test_decode_bayes[2-1000000.0-us0-None-True-False]" time="0.064" /><testcase classname="tests.test_decoding" name="test_decode_bayes[2-1000000.0-us0-None-False-True]" time="0.062" /><testcase classname="tests.test_decoding" name="test_decode_bayes[2-1000000.0-us0-None-False-False]" time="0.036" /><testcase classname="tests.test_decoding" name="test_decode_bayes[2-1000000.0-us0-1-True-True]" time="0.035" /><testcase classname="tests.test_decoding" name="test_decode_bayes[2-1000000.0-us0-1-True-False]" time="0.044" /><testcase classname="tests.test_decoding" name="test_decode_bayes[2-1000000.0-us0-1-False-True]" time="0.025" /><testcase classname="tests.test_decoding" name="test_decode_bayes[2-1000000.0-us0-1-False-False]" time="0.029" /><testcase classname="tests.test_decoding" name="test_decode_bayes[2-1000000.0-us0-3-True-True]" time="0.030" /><testcase classname="tests.test_decoding" name="test_decode_bayes[2-1000000.0-us0-3-True-False]" time="0.025" /><testcase classname="tests.test_decoding" name="test_decode_bayes[2-1000000.0-us0-3-False-True]" time="0.031" /><testcase classname="tests.test_decoding" name="test_decode_bayes[2-1000000.0-us0-3-False-False]" time="0.030" /><testcase classname="tests.test_decoding" name="test_decode_bayes[3-1000000.0-us0-None-True-True]" time="0.029" /><testcase classname="tests.test_decoding" name="test_decode_bayes[3-1000000.0-us0-None-True-False]" time="0.052" /><testcase classname="tests.test_decoding" name="test_decode_bayes[3-1000000.0-us0-None-False-True]" time="0.038" /><testcase classname="tests.test_decoding" name="test_decode_bayes[3-1000000.0-us0-None-False-False]" time="0.036" /><testcase classname="tests.test_decoding" name="test_decode_bayes[3-1000000.0-us0-1-True-True]" time="0.038" /><testcase classname="tests.test_decoding" name="test_decode_bayes[3-1000000.0-us0-1-True-False]" time="0.030" /><testcase classname="tests.test_decoding" name="test_decode_bayes[3-1000000.0-us0-1-False-True]" time="0.033" /><testcase classname="tests.test_decoding" name="test_decode_bayes[3-1000000.0-us0-1-False-False]" time="0.035" /><testcase classname="tests.test_decoding" name="test_decode_bayes[3-1000000.0-us0-3-True-True]" time="0.031" /><testcase classname="tests.test_decoding" name="test_decode_bayes[3-1000000.0-us0-3-True-False]" time="0.033" /><testcase classname="tests.test_decoding" name="test_decode_bayes[3-1000000.0-us0-3-False-True]" time="0.064" /><testcase classname="tests.test_decoding" name="test_decode_bayes[3-1000000.0-us0-3-False-False]" time="0.099" /><testcase classname="tests.test_decoding" name="test_decode_bayes[2-1000000.0-us1-None-True-True]" time="0.036" /><testcase classname="tests.test_decoding" name="test_decode_bayes[2-1000000.0-us1-None-True-False]" time="0.053" /><testcase classname="tests.test_decoding" name="test_decode_bayes[2-1000000.0-us1-None-False-True]" time="0.096" /><testcase classname="tests.test_decoding" name="test_decode_bayes[2-1000000.0-us1-None-False-False]" time="0.060" /><testcase classname="tests.test_decoding" name="test_decode_bayes[2-1000000.0-us1-1-True-True]" time="0.090" /><testcase classname="tests.test_decoding" name="test_decode_bayes[2-1000000.0-us1-1-True-False]" time="0.081" /><testcase classname="tests.test_decoding" name="test_decode_bayes[2-1000000.0-us1-1-False-True]" time="0.061" /><testcase classname="tests.test_decoding" name="test_decode_bayes[2-1000000.0-us1-1-False-False]" time="0.049" /><testcase classname="tests.test_decoding" name="test_decode_bayes[2-1000000.0-us1-3-True-True]" time="0.064" /><testcase classname="tests.test_decoding" name="test_decode_bayes[2-1000000.0-us1-3-True-False]" time="0.065" /><testcase classname="tests.test_decoding" name="test_decode_bayes[2-1000000.0-us1-3-False-True]" time="0.048" /><testcase classname="tests.test_decoding" name="test_decode_bayes[2-1000000.0-us1-3-False-False]" time="0.045" /><testcase classname="tests.test_decoding" name="test_decode_bayes[3-1000000.0-us1-None-True-True]" time="0.134" /><testcase classname="tests.test_decoding" name="test_decode_bayes[3-1000000.0-us1-None-True-False]" time="0.108" /><testcase classname="tests.test_decoding" name="test_decode_bayes[3-1000000.0-us1-None-False-True]" time="0.113" /><testcase classname="tests.test_decoding" name="test_decode_bayes[3-1000000.0-us1-None-False-False]" time="0.121" /><testcase classname="tests.test_decoding" name="test_decode_bayes[3-1000000.0-us1-1-True-True]" time="0.163" /><testcase classname="tests.test_decoding" name="test_decode_bayes[3-1000000.0-us1-1-True-False]" time="0.110" /><testcase classname="tests.test_decoding" name="test_decode_bayes[3-1000000.0-us1-1-False-True]" time="0.105" /><testcase classname="tests.test_decoding" name="test_decode_bayes[3-1000000.0-us1-1-False-False]" time="0.079" /><testcase classname="tests.test_decoding" name="test_decode_bayes[3-1000000.0-us1-3-True-True]" time="0.076" /><testcase classname="tests.test_decoding" name="test_decode_bayes[3-1000000.0-us1-3-True-False]" time="0.056" /><testcase classname="tests.test_decoding" name="test_decode_bayes[3-1000000.0-us1-3-False-True]" time="0.064" /><testcase classname="tests.test_decoding" name="test_decode_bayes[3-1000000.0-us1-3-False-False]" time="0.053" /><testcase classname="tests.test_decoding" name="test_decode_template[1-1.0-s-None-True-correlation]" time="0.033" /><testcase classname="tests.test_decoding" name="test_decode_template[1-1.0-s-None-True-euclidean]" time="0.044" /><testcase classname="tests.test_decoding" name="test_decode_template[1-1.0-s-None-True-cosine]" time="0.029" /><testcase classname="tests.test_decoding" name="test_decode_template[1-1.0-s-None-False-correlation]" time="0.028" /><testcase classname="tests.test_decoding" name="test_decode_template[1-1.0-s-None-False-euclidean]" time="0.035" /><testcase classname="tests.test_decoding" name="test_decode_template[1-1.0-s-None-False-cosine]" time="0.038" /><testcase classname="tests.test_decoding" name="test_decode_template[1-1.0-s-1-True-correlation]" time="0.054" /><testcase classname="tests.test_decoding" name="test_decode_template[1-1.0-s-1-True-euclidean]" time="0.064" /><testcase classname="tests.test_decoding" name="test_decode_template[1-1.0-s-1-True-cosine]" time="0.058" /><testcase classname="tests.test_decoding" name="test_decode_template[1-1.0-s-1-False-correlation]" time="0.053" /><testcase classname="tests.test_decoding" name="test_decode_template[1-1.0-s-1-False-euclidean]" time="0.051" /><testcase classname="tests.test_decoding" name="test_decode_template[1-1.0-s-1-False-cosine]" time="0.070" /><testcase classname="tests.test_decoding" name="test_decode_template[1-1.0-s-3-True-correlation]" time="0.221" /><testcase classname="tests.test_decoding" name="test_decode_template[1-1.0-s-3-True-euclidean]" time="0.255" /><testcase classname="tests.test_decoding" name="test_decode_template[1-1.0-s-3-True-cosine]" time="0.084" /><testcase classname="tests.test_decoding" name="test_decode_template[1-1.0-s-3-False-correlation]" time="0.121" /><testcase classname="tests.test_decoding" name="test_decode_template[1-1.0-s-3-False-euclidean]" time="0.082" /><testcase classname="tests.test_decoding" name="test_decode_template[1-1.0-s-3-False-cosine]" time="0.093" /><testcase classname="tests.test_decoding" name="test_decode_template[2-1.0-s0-None-True-correlation]" time="0.093" /><testcase classname="tests.test_decoding" name="test_decode_template[2-1.0-s0-None-True-euclidean]" time="0.142" /><testcase classname="tests.test_decoding" name="test_decode_template[2-1.0-s0-None-True-cosine]" time="0.102" /><testcase classname="tests.test_decoding" name="test_decode_template[2-1.0-s0-None-False-correlation]" time="0.110" /><testcase classname="tests.test_decoding" name="test_decode_template[2-1.0-s0-None-False-euclidean]" time="0.120" /><testcase classname="tests.test_decoding" name="test_decode_template[2-1.0-s0-None-False-cosine]" time="0.099" /><testcase classname="tests.test_decoding" name="test_decode_template[2-1.0-s0-1-True-correlation]" time="0.160" /><testcase classname="tests.test_decoding" name="test_decode_template[2-1.0-s0-1-True-euclidean]" time="0.118" /><testcase classname="tests.test_decoding" name="test_decode_template[2-1.0-s0-1-True-cosine]" time="0.325" /><testcase classname="tests.test_decoding" name="test_decode_template[2-1.0-s0-1-False-correlation]" time="0.283" /><testcase classname="tests.test_decoding" name="test_decode_template[2-1.0-s0-1-False-euclidean]" time="0.103" /><testcase classname="tests.test_decoding" name="test_decode_template[2-1.0-s0-1-False-cosine]" time="0.133" /><testcase classname="tests.test_decoding" name="test_decode_template[2-1.0-s0-3-True-correlation]" time="0.096" /><testcase classname="tests.test_decoding" name="test_decode_template[2-1.0-s0-3-True-euclidean]" time="0.103" /><testcase classname="tests.test_decoding" name="test_decode_template[2-1.0-s0-3-True-cosine]" time="0.080" /><testcase classname="tests.test_decoding" name="test_decode_template[2-1.0-s0-3-False-correlation]" time="0.098" /><testcase classname="tests.test_decoding" name="test_decode_template[2-1.0-s0-3-False-euclidean]" time="0.072" /><testcase classname="tests.test_decoding" name="test_decode_template[2-1.0-s0-3-False-cosine]" time="0.068" /><testcase classname="tests.test_decoding" name="test_decode_template[3-1.0-s0-None-True-correlation]" time="0.076" /><testcase classname="tests.test_decoding" name="test_decode_template[3-1.0-s0-None-True-euclidean]" time="0.064" /><testcase classname="tests.test_decoding" name="test_decode_template[3-1.0-s0-None-True-cosine]" time="0.047" /><testcase classname="tests.test_decoding" name="test_decode_template[3-1.0-s0-None-False-correlation]" time="0.049" /><testcase classname="tests.test_decoding" name="test_decode_template[3-1.0-s0-None-False-euclidean]" time="0.063" /><testcase classname="tests.test_decoding" name="test_decode_template[3-1.0-s0-None-False-cosine]" time="0.075" /><testcase classname="tests.test_decoding" name="test_decode_template[3-1.0-s0-1-True-correlation]" time="0.077" /><testcase classname="tests.test_decoding" name="test_decode_template[3-1.0-s0-1-True-euclidean]" time="0.081" /><testcase classname="tests.test_decoding" name="test_decode_template[3-1.0-s0-1-True-cosine]" time="0.074" /><testcase classname="tests.test_decoding" name="test_decode_template[3-1.0-s0-1-False-correlation]" time="0.086" /><testcase classname="tests.test_decoding" name="test_decode_template[3-1.0-s0-1-False-euclidean]" time="0.104" /><testcase classname="tests.test_decoding" name="test_decode_template[3-1.0-s0-1-False-cosine]" time="0.060" /><testcase classname="tests.test_decoding" name="test_decode_template[3-1.0-s0-3-True-correlation]" time="0.071" /><testcase classname="tests.test_decoding" name="test_decode_template[3-1.0-s0-3-True-euclidean]" time="0.081" /><testcase classname="tests.test_decoding" name="test_decode_template[3-1.0-s0-3-True-cosine]" time="0.060" /><testcase classname="tests.test_decoding" name="test_decode_template[3-1.0-s0-3-False-correlation]" time="0.083" /><testcase classname="tests.test_decoding" name="test_decode_template[3-1.0-s0-3-False-euclidean]" time="0.086" /><testcase classname="tests.test_decoding" name="test_decode_template[3-1.0-s0-3-False-cosine]" time="0.111" /><testcase classname="tests.test_decoding" name="test_decode_template[2-1.0-s1-None-True-correlation]" time="0.099" /><testcase classname="tests.test_decoding" name="test_decode_template[2-1.0-s1-None-True-euclidean]" time="0.060" /><testcase classname="tests.test_decoding" name="test_decode_template[2-1.0-s1-None-True-cosine]" time="0.077" /><testcase classname="tests.test_decoding" name="test_decode_template[2-1.0-s1-None-False-correlation]" time="0.060" /><testcase classname="tests.test_decoding" name="test_decode_template[2-1.0-s1-None-False-euclidean]" time="0.057" /><testcase classname="tests.test_decoding" name="test_decode_template[2-1.0-s1-None-False-cosine]" time="0.069" /><testcase classname="tests.test_decoding" name="test_decode_template[2-1.0-s1-1-True-correlation]" time="0.060" /><testcase classname="tests.test_decoding" name="test_decode_template[2-1.0-s1-1-True-euclidean]" time="0.052" /><testcase classname="tests.test_decoding" name="test_decode_template[2-1.0-s1-1-True-cosine]" time="0.047" /><testcase classname="tests.test_decoding" name="test_decode_template[2-1.0-s1-1-False-correlation]" time="0.050" /><testcase classname="tests.test_decoding" name="test_decode_template[2-1.0-s1-1-False-euclidean]" time="0.041" /><testcase classname="tests.test_decoding" name="test_decode_template[2-1.0-s1-1-False-cosine]" time="0.088" /><testcase classname="tests.test_decoding" name="test_decode_template[2-1.0-s1-3-True-correlation]" time="0.121" /><testcase classname="tests.test_decoding" name="test_decode_template[2-1.0-s1-3-True-euclidean]" time="0.081" /><testcase classname="tests.test_decoding" name="test_decode_template[2-1.0-s1-3-True-cosine]" time="0.068" /><testcase classname="tests.test_decoding" name="test_decode_template[2-1.0-s1-3-False-correlation]" time="0.053" /><testcase classname="tests.test_decoding" name="test_decode_template[2-1.0-s1-3-False-euclidean]" time="0.056" /><testcase classname="tests.test_decoding" name="test_decode_template[2-1.0-s1-3-False-cosine]" time="0.055" /><testcase classname="tests.test_decoding" name="test_decode_template[3-1.0-s1-None-True-correlation]" time="0.062" /><testcase classname="tests.test_decoding" name="test_decode_template[3-1.0-s1-None-True-euclidean]" time="0.063" /><testcase classname="tests.test_decoding" name="test_decode_template[3-1.0-s1-None-True-cosine]" time="0.052" /><testcase classname="tests.test_decoding" name="test_decode_template[3-1.0-s1-None-False-correlation]" time="0.071" /><testcase classname="tests.test_decoding" name="test_decode_template[3-1.0-s1-None-False-euclidean]" time="0.066" /><testcase classname="tests.test_decoding" name="test_decode_template[3-1.0-s1-None-False-cosine]" time="0.051" /><testcase classname="tests.test_decoding" name="test_decode_template[3-1.0-s1-1-True-correlation]" time="0.040" /><testcase classname="tests.test_decoding" name="test_decode_template[3-1.0-s1-1-True-euclidean]" time="0.038" /><testcase classname="tests.test_decoding" name="test_decode_template[3-1.0-s1-1-True-cosine]" time="0.044" /><testcase classname="tests.test_decoding" name="test_decode_template[3-1.0-s1-1-False-correlation]" time="0.057" /><testcase classname="tests.test_decoding" name="test_decode_template[3-1.0-s1-1-False-euclidean]" time="0.079" /><testcase classname="tests.test_decoding" name="test_decode_template[3-1.0-s1-1-False-cosine]" time="0.081" /><testcase classname="tests.test_decoding" name="test_decode_template[3-1.0-s1-3-True-correlation]" time="0.138" /><testcase classname="tests.test_decoding" name="test_decode_template[3-1.0-s1-3-True-euclidean]" time="0.133" /><testcase classname="tests.test_decoding" name="test_decode_template[3-1.0-s1-3-True-cosine]" time="0.081" /><testcase classname="tests.test_decoding" name="test_decode_template[3-1.0-s1-3-False-correlation]" time="0.058" /><testcase classname="tests.test_decoding" name="test_decode_template[3-1.0-s1-3-False-euclidean]" time="0.061" /><testcase classname="tests.test_decoding" name="test_decode_template[3-1.0-s1-3-False-cosine]" time="0.059" /><testcase classname="tests.test_decoding" name="test_decode_template[1-1000.0-ms-None-True-correlation]" time="0.034" /><testcase classname="tests.test_decoding" name="test_decode_template[1-1000.0-ms-None-True-euclidean]" time="0.034" /><testcase classname="tests.test_decoding" name="test_decode_template[1-1000.0-ms-None-True-cosine]" time="0.033" /><testcase classname="tests.test_decoding" name="test_decode_template[1-1000.0-ms-None-False-correlation]" time="0.023" /><testcase classname="tests.test_decoding" name="test_decode_template[1-1000.0-ms-None-False-euclidean]" time="0.024" /><testcase classname="tests.test_decoding" name="test_decode_template[1-1000.0-ms-None-False-cosine]" time="0.029" /><testcase classname="tests.test_decoding" name="test_decode_template[1-1000.0-ms-1-True-correlation]" time="0.022" /><testcase classname="tests.test_decoding" name="test_decode_template[1-1000.0-ms-1-True-euclidean]" time="0.021" /><testcase classname="tests.test_decoding" name="test_decode_template[1-1000.0-ms-1-True-cosine]" time="0.023" /><testcase classname="tests.test_decoding" name="test_decode_template[1-1000.0-ms-1-False-correlation]" time="0.019" /><testcase classname="tests.test_decoding" name="test_decode_template[1-1000.0-ms-1-False-euclidean]" time="0.021" /><testcase classname="tests.test_decoding" name="test_decode_template[1-1000.0-ms-1-False-cosine]" time="0.022" /><testcase classname="tests.test_decoding" name="test_decode_template[1-1000.0-ms-3-True-correlation]" time="0.029" /><testcase classname="tests.test_decoding" name="test_decode_template[1-1000.0-ms-3-True-euclidean]" time="0.029" /><testcase classname="tests.test_decoding" name="test_decode_template[1-1000.0-ms-3-True-cosine]" time="0.028" /><testcase classname="tests.test_decoding" name="test_decode_template[1-1000.0-ms-3-False-correlation]" time="0.022" /><testcase classname="tests.test_decoding" name="test_decode_template[1-1000.0-ms-3-False-euclidean]" time="0.025" /><testcase classname="tests.test_decoding" name="test_decode_template[1-1000.0-ms-3-False-cosine]" time="0.025" /><testcase classname="tests.test_decoding" name="test_decode_template[2-1000.0-ms0-None-True-correlation]" time="0.033" /><testcase classname="tests.test_decoding" name="test_decode_template[2-1000.0-ms0-None-True-euclidean]" time="0.025" /><testcase classname="tests.test_decoding" name="test_decode_template[2-1000.0-ms0-None-True-cosine]" time="0.023" /><testcase classname="tests.test_decoding" name="test_decode_template[2-1000.0-ms0-None-False-correlation]" time="0.029" /><testcase classname="tests.test_decoding" name="test_decode_template[2-1000.0-ms0-None-False-euclidean]" time="0.025" /><testcase classname="tests.test_decoding" name="test_decode_template[2-1000.0-ms0-None-False-cosine]" time="0.028" /><testcase classname="tests.test_decoding" name="test_decode_template[2-1000.0-ms0-1-True-correlation]" time="0.036" /><testcase classname="tests.test_decoding" name="test_decode_template[2-1000.0-ms0-1-True-euclidean]" time="0.036" /><testcase classname="tests.test_decoding" name="test_decode_template[2-1000.0-ms0-1-True-cosine]" time="0.043" /><testcase classname="tests.test_decoding" name="test_decode_template[2-1000.0-ms0-1-False-correlation]" time="0.039" /><testcase classname="tests.test_decoding" name="test_decode_template[2-1000.0-ms0-1-False-euclidean]" time="0.037" /><testcase classname="tests.test_decoding" name="test_decode_template[2-1000.0-ms0-1-False-cosine]" time="0.034" /><testcase classname="tests.test_decoding" name="test_decode_template[2-1000.0-ms0-3-True-correlation]" time="0.031" /><testcase classname="tests.test_decoding" name="test_decode_template[2-1000.0-ms0-3-True-euclidean]" time="0.031" /><testcase classname="tests.test_decoding" name="test_decode_template[2-1000.0-ms0-3-True-cosine]" time="0.027" /><testcase classname="tests.test_decoding" name="test_decode_template[2-1000.0-ms0-3-False-correlation]" time="0.039" /><testcase classname="tests.test_decoding" name="test_decode_template[2-1000.0-ms0-3-False-euclidean]" time="0.034" /><testcase classname="tests.test_decoding" name="test_decode_template[2-1000.0-ms0-3-False-cosine]" time="0.031" /><testcase classname="tests.test_decoding" name="test_decode_template[3-1000.0-ms0-None-True-correlation]" time="0.036" /><testcase classname="tests.test_decoding" name="test_decode_template[3-1000.0-ms0-None-True-euclidean]" time="0.034" /><testcase classname="tests.test_decoding" name="test_decode_template[3-1000.0-ms0-None-True-cosine]" time="0.036" /><testcase classname="tests.test_decoding" name="test_decode_template[3-1000.0-ms0-None-False-correlation]" time="0.049" /><testcase classname="tests.test_decoding" name="test_decode_template[3-1000.0-ms0-None-False-euclidean]" time="0.042" /><testcase classname="tests.test_decoding" name="test_decode_template[3-1000.0-ms0-None-False-cosine]" time="0.042" /><testcase classname="tests.test_decoding" name="test_decode_template[3-1000.0-ms0-1-True-correlation]" time="0.039" /><testcase classname="tests.test_decoding" name="test_decode_template[3-1000.0-ms0-1-True-euclidean]" time="0.036" /><testcase classname="tests.test_decoding" name="test_decode_template[3-1000.0-ms0-1-True-cosine]" time="0.032" /><testcase classname="tests.test_decoding" name="test_decode_template[3-1000.0-ms0-1-False-correlation]" time="0.040" /><testcase classname="tests.test_decoding" name="test_decode_template[3-1000.0-ms0-1-False-euclidean]" time="0.046" /><testcase classname="tests.test_decoding" name="test_decode_template[3-1000.0-ms0-1-False-cosine]" time="0.049" /><testcase classname="tests.test_decoding" name="test_decode_template[3-1000.0-ms0-3-True-correlation]" time="0.046" /><testcase classname="tests.test_decoding" name="test_decode_template[3-1000.0-ms0-3-True-euclidean]" time="0.038" /><testcase classname="tests.test_decoding" name="test_decode_template[3-1000.0-ms0-3-True-cosine]" time="0.033" /><testcase classname="tests.test_decoding" name="test_decode_template[3-1000.0-ms0-3-False-correlation]" time="0.035" /><testcase classname="tests.test_decoding" name="test_decode_template[3-1000.0-ms0-3-False-euclidean]" time="0.043" /><testcase classname="tests.test_decoding" name="test_decode_template[3-1000.0-ms0-3-False-cosine]" time="0.043" /><testcase classname="tests.test_decoding" name="test_decode_template[2-1000.0-ms1-None-True-correlation]" time="0.022" /><testcase classname="tests.test_decoding" name="test_decode_template[2-1000.0-ms1-None-True-euclidean]" time="0.021" /><testcase classname="tests.test_decoding" name="test_decode_template[2-1000.0-ms1-None-True-cosine]" time="0.023" /><testcase classname="tests.test_decoding" name="test_decode_template[2-1000.0-ms1-None-False-correlation]" time="0.024" /><testcase classname="tests.test_decoding" name="test_decode_template[2-1000.0-ms1-None-False-euclidean]" time="0.039" /><testcase classname="tests.test_decoding" name="test_decode_template[2-1000.0-ms1-None-False-cosine]" time="0.034" /><testcase classname="tests.test_decoding" name="test_decode_template[2-1000.0-ms1-1-True-correlation]" time="0.028" /><testcase classname="tests.test_decoding" name="test_decode_template[2-1000.0-ms1-1-True-euclidean]" time="0.027" /><testcase classname="tests.test_decoding" name="test_decode_template[2-1000.0-ms1-1-True-cosine]" time="0.036" /><testcase classname="tests.test_decoding" name="test_decode_template[2-1000.0-ms1-1-False-correlation]" time="0.045" /><testcase classname="tests.test_decoding" name="test_decode_template[2-1000.0-ms1-1-False-euclidean]" time="0.039" /><testcase classname="tests.test_decoding" name="test_decode_template[2-1000.0-ms1-1-False-cosine]" time="0.034" /><testcase classname="tests.test_decoding" name="test_decode_template[2-1000.0-ms1-3-True-correlation]" time="0.026" /><testcase classname="tests.test_decoding" name="test_decode_template[2-1000.0-ms1-3-True-euclidean]" time="0.031" /><testcase classname="tests.test_decoding" name="test_decode_template[2-1000.0-ms1-3-True-cosine]" time="0.024" /><testcase classname="tests.test_decoding" name="test_decode_template[2-1000.0-ms1-3-False-correlation]" time="0.030" /><testcase classname="tests.test_decoding" name="test_decode_template[2-1000.0-ms1-3-False-euclidean]" time="0.026" /><testcase classname="tests.test_decoding" name="test_decode_template[2-1000.0-ms1-3-False-cosine]" time="0.032" /><testcase classname="tests.test_decoding" name="test_decode_template[3-1000.0-ms1-None-True-correlation]" time="0.041" /><testcase classname="tests.test_decoding" name="test_decode_template[3-1000.0-ms1-None-True-euclidean]" time="0.037" /><testcase classname="tests.test_decoding" name="test_decode_template[3-1000.0-ms1-None-True-cosine]" time="0.040" /><testcase classname="tests.test_decoding" name="test_decode_template[3-1000.0-ms1-None-False-correlation]" time="0.054" /><testcase classname="tests.test_decoding" name="test_decode_template[3-1000.0-ms1-None-False-euclidean]" time="0.037" /><testcase classname="tests.test_decoding" name="test_decode_template[3-1000.0-ms1-None-False-cosine]" time="0.040" /><testcase classname="tests.test_decoding" name="test_decode_template[3-1000.0-ms1-1-True-correlation]" time="0.041" /><testcase classname="tests.test_decoding" name="test_decode_template[3-1000.0-ms1-1-True-euclidean]" time="0.050" /><testcase classname="tests.test_decoding" name="test_decode_template[3-1000.0-ms1-1-True-cosine]" time="0.050" /><testcase classname="tests.test_decoding" name="test_decode_template[3-10
[...]
_compute_mutual_information_errors[tuning_curves4-rates4-expectation4]" time="0.007" /><testcase classname="tests.test_tuning_curves" name="test_compute_mutual_information_errors[tuning_curves5-rates5-expectation5]" time="0.007" /><testcase classname="tests.test_tuning_curves" name="test_compute_mutual_information_errors[tuning_curves6-rates6-expectation6]" time="0.008" /><testcase classname="tests.test_tuning_curves" name="test_compute_mutual_information_errors[tuning_curves7-rates7-expectation7]" time="0.008" /><testcase classname="tests.test_tuning_curves" name="test_compute_mutual_information_errors[tuning_curves8-rates8-expectation8]" time="0.007" /><testcase classname="tests.test_tuning_curves" name="test_compute_mutual_information_errors[tuning_curves9-1-expectation9]" time="0.006" /><testcase classname="tests.test_tuning_curves" name="test_compute_mutual_information_errors[tuning_curves10-1-expectation10]" time="0.007" /><testcase classname="tests.test_tuning_curves" name="test_compute_mutual_information_errors[tuning_curves11-rates11-expectation11]" time="0.011" /><testcase classname="tests.test_tuning_curves" name="test_compute_mutual_information_errors[tuning_curves12-rates12-expectation12]" time="0.016" /><testcase classname="tests.test_tuning_curves" name="test_compute_mutual_information_errors[tuning_curves13-None-expectation13]" time="0.037" /><testcase classname="tests.test_tuning_curves" name="test_compute_mutual_information_errors[tuning_curves14-None-expectation14]" time="0.007" /><testcase classname="tests.test_tuning_curves" name="test_compute_mutual_information[in_tcs-uniform-1-1]" time="0.167" /><testcase classname="tests.test_tuning_curves" name="test_compute_mutual_information[in_tcs-uniform-1-2]" time="0.139" /><testcase classname="tests.test_tuning_curves" name="test_compute_mutual_information[in_tcs-uniform-1-3]" time="0.060" /><testcase classname="tests.test_tuning_curves" name="test_compute_mutual_information[in_tcs-uniform-2-1]" time="0.092" /><testcase classname="tests.test_tuning_curves" name="test_compute_mutual_information[in_tcs-uniform-2-2]" time="0.062" /><testcase classname="tests.test_tuning_curves" name="test_compute_mutual_information[in_tcs-uniform-2-3]" time="0.132" /><testcase classname="tests.test_tuning_curves" name="test_compute_mutual_information[in_tcs-onehot-1-1]" time="0.080" /><testcase classname="tests.test_tuning_curves" name="test_compute_mutual_information[in_tcs-onehot-1-2]" time="0.035" /><testcase classname="tests.test_tuning_curves" name="test_compute_mutual_information[in_tcs-onehot-1-3]" time="0.094" /><testcase classname="tests.test_tuning_curves" name="test_compute_mutual_information[in_tcs-onehot-2-1]" time="0.173" /><testcase classname="tests.test_tuning_curves" name="test_compute_mutual_information[in_tcs-onehot-2-2]" time="0.105" /><testcase classname="tests.test_tuning_curves" name="test_compute_mutual_information[in_tcs-onehot-2-3]" time="0.044" /><testcase classname="tests.test_tuning_curves" name="test_compute_mutual_information[estimate-uniform-1-1]" time="0.027" /><testcase classname="tests.test_tuning_curves" name="test_compute_mutual_information[estimate-uniform-1-2]" time="0.035" /><testcase classname="tests.test_tuning_curves" name="test_compute_mutual_information[estimate-uniform-1-3]" time="0.216" /><testcase classname="tests.test_tuning_curves" name="test_compute_mutual_information[estimate-uniform-2-1]" time="0.051" /><testcase classname="tests.test_tuning_curves" name="test_compute_mutual_information[estimate-uniform-2-2]" time="0.022" /><testcase classname="tests.test_tuning_curves" name="test_compute_mutual_information[estimate-uniform-2-3]" time="0.020" /><testcase classname="tests.test_tuning_curves" name="test_compute_mutual_information[estimate-onehot-1-1]" time="0.018" /><testcase classname="tests.test_tuning_curves" name="test_compute_mutual_information[estimate-onehot-1-2]" time="0.019" /><testcase classname="tests.test_tuning_curves" name="test_compute_mutual_information[estimate-onehot-1-3]" time="0.022" /><testcase classname="tests.test_tuning_curves" name="test_compute_mutual_information[estimate-onehot-2-1]" time="0.017" /><testcase classname="tests.test_tuning_curves" name="test_compute_mutual_information[estimate-onehot-2-2]" time="0.030" /><testcase classname="tests.test_tuning_curves" name="test_compute_mutual_information[estimate-onehot-2-3]" time="0.019" /><testcase classname="tests.test_tuning_curves" name="test_compute_mutual_information[0.5-uniform-1-1]" time="0.029" /><testcase classname="tests.test_tuning_curves" name="test_compute_mutual_information[0.5-uniform-1-2]" time="0.021" /><testcase classname="tests.test_tuning_curves" name="test_compute_mutual_information[0.5-uniform-1-3]" time="0.023" /><testcase classname="tests.test_tuning_curves" name="test_compute_mutual_information[0.5-uniform-2-1]" time="0.062" /><testcase classname="tests.test_tuning_curves" name="test_compute_mutual_information[0.5-uniform-2-2]" time="0.035" /><testcase classname="tests.test_tuning_curves" name="test_compute_mutual_information[0.5-uniform-2-3]" time="0.107" /><testcase classname="tests.test_tuning_curves" name="test_compute_mutual_information[0.5-onehot-1-1]" time="0.064" /><testcase classname="tests.test_tuning_curves" name="test_compute_mutual_information[0.5-onehot-1-2]" time="0.032" /><testcase classname="tests.test_tuning_curves" name="test_compute_mutual_information[0.5-onehot-1-3]" time="0.049" /><testcase classname="tests.test_tuning_curves" name="test_compute_mutual_information[0.5-onehot-2-1]" time="0.128" /><testcase classname="tests.test_tuning_curves" name="test_compute_mutual_information[0.5-onehot-2-2]" time="0.025" /><testcase classname="tests.test_tuning_curves" name="test_compute_mutual_information[0.5-onehot-2-3]" time="0.051" /><testcase classname="tests.test_tuning_curves" name="test_compute_mutual_information[2.0-uniform-1-1]" time="0.022" /><testcase classname="tests.test_tuning_curves" name="test_compute_mutual_information[2.0-uniform-1-2]" time="0.032" /><testcase classname="tests.test_tuning_curves" name="test_compute_mutual_information[2.0-uniform-1-3]" time="0.020" /><testcase classname="tests.test_tuning_curves" name="test_compute_mutual_information[2.0-uniform-2-1]" time="0.073" /><testcase classname="tests.test_tuning_curves" name="test_compute_mutual_information[2.0-uniform-2-2]" time="0.042" /><testcase classname="tests.test_tuning_curves" name="test_compute_mutual_information[2.0-uniform-2-3]" time="0.037" /><testcase classname="tests.test_tuning_curves" name="test_compute_mutual_information[2.0-onehot-1-1]" time="0.026" /><testcase classname="tests.test_tuning_curves" name="test_compute_mutual_information[2.0-onehot-1-2]" time="0.033" /><testcase classname="tests.test_tuning_curves" name="test_compute_mutual_information[2.0-onehot-1-3]" time="0.024" /><testcase classname="tests.test_tuning_curves" name="test_compute_mutual_information[2.0-onehot-2-1]" time="0.024" /><testcase classname="tests.test_tuning_curves" name="test_compute_mutual_information[2.0-onehot-2-2]" time="0.021" /><testcase classname="tests.test_tuning_curves" name="test_compute_mutual_information[2.0-onehot-2-3]" time="0.031" /><testcase classname="tests.test_tuning_curves" name="test_compute_1d_mutual_info_errors[a-feature0-ep0-minmax0-True-Argument tc should be of type pandas.DataFrame or numpy.ndarray]" time="0.017" /><testcase classname="tests.test_tuning_curves" name="test_compute_1d_mutual_info_errors[tc1-a-ep1-minmax1-True-feature should be a Tsd \\(or TsdFrame with 1 column only\\)]" time="0.017" /><testcase classname="tests.test_tuning_curves" name="test_compute_1d_mutual_info_errors[tc2-feature2-a-minmax2-True-ep should be an IntervalSet]" time="0.014" /><testcase classname="tests.test_tuning_curves" name="test_compute_1d_mutual_info_errors[tc3-feature3-ep3-1-True-minmax should be a tuple\\/list of 2 numbers]" time="0.017" /><testcase classname="tests.test_tuning_curves" name="test_compute_1d_mutual_info_errors[tc4-feature4-ep4-minmax4-a-Argument bitssec should be of type bool]" time="0.016" /><testcase classname="tests.test_tuning_curves" name="test_compute_2d_mutual_info_errors[a-features0-ep0-minmax0-True-Argument dict_tc should be a dictionary of numpy.ndarray or numpy.ndarray]" time="0.021" /><testcase classname="tests.test_tuning_curves" name="test_compute_2d_mutual_info_errors[dict_tc1-a-ep1-minmax1-True-features should be a TsdFrame with 2 columns]" time="0.017" /><testcase classname="tests.test_tuning_curves" name="test_compute_2d_mutual_info_errors[dict_tc2-features2-a-minmax2-True-ep should be an IntervalSet]" time="0.014" /><testcase classname="tests.test_tuning_curves" name="test_compute_2d_mutual_info_errors[dict_tc3-features3-ep3-1-True-minmax should be a tuple\\/list of 2 numbers]" time="0.021" /><testcase classname="tests.test_tuning_curves" name="test_compute_2d_mutual_info_errors[dict_tc4-features4-ep4-minmax4-a-Argument bitssec should be of type bool]" time="0.028" /><testcase classname="tests.test_tuning_curves" name="test_compute_1d_mutual_info[args0-kwargs0-expected0]" time="0.088" /><testcase classname="tests.test_tuning_curves" name="test_compute_1d_mutual_info[args1-kwargs1-expected1]" time="0.027" /><testcase classname="tests.test_tuning_curves" name="test_compute_1d_mutual_info[args2-kwargs2-expected2]" time="0.031" /><testcase classname="tests.test_tuning_curves" name="test_compute_1d_mutual_info[args3-kwargs3-expected3]" time="0.016" /><testcase classname="tests.test_tuning_curves" name="test_compute_1d_mutual_info[args4-kwargs4-expected4]" time="0.012" /><testcase classname="tests.test_tuning_curves" name="test_compute_2d_mutual_info[args0-kwargs0-expected0]" time="0.022" /><testcase classname="tests.test_tuning_curves" name="test_compute_2d_mutual_info[args1-kwargs1-expected1]" time="0.023" /><testcase classname="tests.test_tuning_curves" name="test_compute_2d_mutual_info[args2-kwargs2-expected2]" time="0.025" /><testcase classname="tests.test_tuning_curves" name="test_compute_2d_mutual_info[args3-kwargs3-expected3]" time="0.021" /><testcase classname="tests.test_tuning_curves" name="test_compute_2d_mutual_info[args4-kwargs4-expected4]" time="0.014" /><testcase classname="tests.test_tuning_curves" name="test_compute_discrete_tuning_curves_errors[a-dict_ep0-expectation0]" time="0.006" /><testcase classname="tests.test_tuning_curves" name="test_compute_discrete_tuning_curves_errors[group1-a-expectation1]" time="0.007" /><testcase classname="tests.test_tuning_curves" name="test_compute_discrete_tuning_curves_errors[group2-dict_ep2-expectation2]" time="0.006" /><testcase classname="tests.test_tuning_curves" name="test_compute_discrete_tuning_curves[dict_ep0-group0]" time="0.017" /><testcase classname="tests.test_tuning_curves" name="test_compute_discrete_tuning_curves[dict_ep1-group0]" time="0.023" /><testcase classname="tests.test_tuning_curves" name="test_compute_1d_tuning_curves_errors[a-feature0-10-ep0-minmax0-group should be a TsGroup.]" time="0.005" /><testcase classname="tests.test_tuning_curves" name="test_compute_1d_tuning_curves_errors[group1-a-10-ep1-minmax1-feature should be a Tsd \\(or TsdFrame with 1 column only\\)]" time="0.005" /><testcase classname="tests.test_tuning_curves" name="test_compute_1d_tuning_curves_errors[group2-feature2-a-ep2-minmax2-nb_bins should be of type int \\(or tuple with \\(int, int\\) for 2D tuning curves\\).]" time="0.014" /><testcase classname="tests.test_tuning_curves" name="test_compute_1d_tuning_curves_errors[group3-feature3-10-a-minmax3-ep should be an IntervalSet]" time="0.005" /><testcase classname="tests.test_tuning_curves" name="test_compute_1d_tuning_curves_errors[group4-feature4-10-ep4-1-minmax should be a tuple\\/list of 2 numbers]" time="0.008" /><testcase classname="tests.test_tuning_curves" name="test_compute_2d_tuning_curves_errors[a-features0-10-ep0-minmax0-group should be a TsGroup.]" time="0.008" /><testcase classname="tests.test_tuning_curves" name="test_compute_2d_tuning_curves_errors[group1-a-10-ep1-minmax1-features should be a TsdFrame with 2 columns]" time="0.008" /><testcase classname="tests.test_tuning_curves" name="test_compute_2d_tuning_curves_errors[group2-features2-a-ep2-minmax2-nb_bins should be of type int \\(or tuple with \\(int, int\\) for 2D tuning curves\\).]" time="0.007" /><testcase classname="tests.test_tuning_curves" name="test_compute_2d_tuning_curves_errors[group3-features3-10-a-minmax3-ep should be an IntervalSet]" time="0.026" /><testcase classname="tests.test_tuning_curves" name="test_compute_2d_tuning_curves_errors[group4-features4-10-ep4-1-minmax should be a tuple\\/list of 2 numbers]" time="0.014" /><testcase classname="tests.test_tuning_curves" name="test_compute_1d_tuning_curves[args0-kwargs0-expectation0]" time="0.054" /><testcase classname="tests.test_tuning_curves" name="test_compute_1d_tuning_curves[args1-kwargs1-expectation1]" time="0.034" /><testcase classname="tests.test_tuning_curves" name="test_compute_1d_tuning_curves[args2-kwargs2-expectation2]" time="0.024" /><testcase classname="tests.test_tuning_curves" name="test_compute_1d_tuning_curves[args3-kwargs3-expectation3]" time="0.029" /><testcase classname="tests.test_tuning_curves" name="test_compute_2d_tuning_curves[args0-kwargs0-expectation0]" time="0.049" /><testcase classname="tests.test_tuning_curves" name="test_compute_2d_tuning_curves[args1-kwargs1-expectation1]" time="0.036" /><testcase classname="tests.test_tuning_curves" name="test_compute_2d_tuning_curves[args2-kwargs2-expectation2]" time="0.038" /><testcase classname="tests.test_tuning_curves" name="test_compute_2d_tuning_curves[args3-kwargs3-expectation3]" time="0.036" /><testcase classname="tests.test_tuning_curves" name="test_compute_2d_tuning_curves[args4-kwargs4-expectation4]" time="0.040" /><testcase classname="tests.test_tuning_curves" name="test_compute_1d_tuning_curves_continuous[args0-kwargs0-expectation0]" time="0.046" /><testcase classname="tests.test_tuning_curves" name="test_compute_1d_tuning_curves_continuous[args1-kwargs1-expectation1]" time="0.029" /><testcase classname="tests.test_tuning_curves" name="test_compute_1d_tuning_curves_continuous[args2-kwargs2-expectation2]" time="0.034" /><testcase classname="tests.test_tuning_curves" name="test_compute_1d_tuning_curves_continuous[args3-kwargs3-expectation3]" time="0.045" /><testcase classname="tests.test_tuning_curves" name="test_compute_1d_tuning_curves_continuous[args4-kwargs4-expectation4]" time="0.041" /><testcase classname="tests.test_tuning_curves" name="test_compute_1d_tuning_curves_continuous[args5-kwargs5-expectation5]" time="0.055" /><testcase classname="tests.test_tuning_curves" name="test_compute_2d_tuning_curves_continuous[tsdframe0-1-kwargs0-expectation0]" time="0.059" /><testcase classname="tests.test_tuning_curves" name="test_compute_2d_tuning_curves_continuous[tsdframe1-2-kwargs1-expectation1]" time="0.064" /><testcase classname="tests.test_tuning_curves" name="test_compute_2d_tuning_curves_continuous[tsdframe2-2-kwargs2-expectation2]" time="0.055" /><testcase classname="tests.test_tuning_curves" name="test_compute_2d_tuning_curves_continuous[tsdframe3-nb_bins3-kwargs3-expectation3]" time="0.062" /><testcase classname="tests.test_tuning_curves" name="test_compute_2d_tuning_curves_continuous[tsdframe4-1-kwargs4-expectation4]" time="0.066" /><testcase classname="tests.test_tuning_curves" name="test_compute_2d_tuning_curves_continuous[tsdframe5-1-kwargs5-expectation5]" time="0.058" /><testcase classname="tests.test_tuning_curves" name="test_compute_2d_tuning_curves_continuous[tsdframe6-nb_bins6-kwargs6-expectation6]" time="0.061" /><testcase classname="tests.test_utils" name="test_get_backend" time="0.004" /><testcase classname="tests.test_utils" name="test_is_array_like" time="0.008" /><testcase classname="tests.test_utils" name="test_is_regularly_sampled[data0-True]" time="0.009" /><testcase classname="tests.test_utils" name="test_is_regularly_sampled[data1-True]" time="0.008" /><testcase classname="tests.test_utils" name="test_is_regularly_sampled[data2-True]" time="0.012" /><testcase classname="tests.test_utils" name="test_is_regularly_sampled[data3-True]" time="0.012" /><testcase classname="tests.test_utils" name="test_is_regularly_sampled[data4-False]" time="0.012" /><testcase classname="tests.test_utils" name="test_is_regularly_sampled[data5-False]" time="0.012" /><testcase classname="tests.test_utils" name="test_is_regularly_sampled[data6-False]" time="0.011" /><testcase classname="tests.test_utils" name="test_is_regularly_sampled[data7-False]" time="0.017" /><testcase classname="tests.test_utils" name="test_is_regularly_sampled[data8-True]" time="0.016" /><testcase classname="tests.test_utils" name="test_is_regularly_sampled[data9-True]" time="0.018" /><testcase classname="tests.test_utils" name="test_is_regularly_sampled[data10-True]" time="0.016" /><testcase classname="tests.test_utils" name="test_is_regularly_sampled[data11-False]" time="0.020" /><testcase classname="tests.test_warping" name="test_build_tensor_type_error[input0-ep0-1-start-nan-s-Invalid type. Parameter input must be of type ['Ts', 'Tsd', 'TsdFrame', 'TsdTensor', 'TsGroup'].]" time="0.038" /><testcase classname="tests.test_warping" name="test_build_tensor_type_error[input1-ep1-1-start-nan-s-Invalid type. Parameter epochs must be of type ['IntervalSet'].]" time="0.092" /><testcase classname="tests.test_warping" name="test_build_tensor_type_error[input2-ep2-a-start-nan-s-Invalid type. Parameter bin_size must be of type ['Number'].]" time="0.026" /><testcase classname="tests.test_warping" name="test_build_tensor_type_error[input3-ep3-1-1-nan-s-Invalid type. Parameter align must be of type ['str'].]" time="0.017" /><testcase classname="tests.test_warping" name="test_build_tensor_type_error[input4-ep4-1-start-padding_value4-s-Invalid type. Parameter padding_value must be of type ['Number'].]" time="0.025" /><testcase classname="tests.test_warping" name="test_build_tensor_type_error[input5-ep5-1-start-nan-1-Invalid type. Parameter time_unit must be of type ['str'].]" time="0.035" /><testcase classname="tests.test_warping" name="test_build_tensor_runtime_error" time="0.048" /><testcase classname="tests.test_warping" name="test_build_tensor_with_group" time="0.093" /><testcase classname="tests.test_warping" name="test_build_tensor_with_ts" time="0.049" /><testcase classname="tests.test_warping" name="test_build_tensor_with_tsd" time="0.022" /><testcase classname="tests.test_warping" name="test_build_tensor_with_tsdframe" time="0.023" /><testcase classname="tests.test_warping" name="test_build_tensor_with_tsdtensor" time="0.034" /><testcase classname="tests.test_warping" name="test_warp_tensor_type_error[input0-ep0-10-Invalid type. Parameter input must be of type ['Ts', 'Tsd', 'TsdFrame', 'TsdTensor', 'TsGroup'].]" time="0.011" /><testcase classname="tests.test_warping" name="test_warp_tensor_type_error[input1-ep1-10-Invalid type. Parameter epochs must be of type ['IntervalSet'].]" time="0.010" /><testcase classname="tests.test_warping" name="test_warp_tensor_type_error[input2-ep2-a-Invalid type. Parameter num_bins must be of type ['int'].]" time="0.018" /><testcase classname="tests.test_warping" name="test_warp_tensor_runtime_error" time="0.030" /><testcase classname="tests.test_warping" name="test_warp_tensor_with_tsgroup" time="0.031" /><testcase classname="tests.test_warping" name="test_warp_tensor_with_ts" time="0.026" /><testcase classname="tests.test_warping" name="test_warp_tensor_with_tsd" time="0.058" /><testcase classname="tests.test_warping" name="test_warp_tensor_with_tsdframe" time="0.091" /><testcase classname="tests.test_warping" name="test_warp_tensor_with_tsdtensor" time="0.074" /><testcase classname="tests.test_warping" name="test_warp_tensor_tsd_with_empty_slice" time="0.035" /></testsuite></testsuites>